[2017-07-17 19:33:44] local.ERROR: exception 'PDOException' with message 'SQLSTATE[42P01]: Undefined table: 7 ERROR:  relation "roles" does not exist' in /Users/daebrionhopwood/Desktop/ipam-backend/ibackend/vendor/laravel/framework/src/Illuminate/Database/Connection.php:449
Stack trace:
#0 /Users/daebrionhopwood/Desktop/ipam-backend/ibackend/vendor/laravel/framework/src/Illuminate/Database/Connection.php(449): PDOStatement->execute()
#1 /Users/daebrionhopwood/Desktop/ipam-backend/ibackend/vendor/laravel/framework/src/Illuminate/Database/Connection.php(640): Illuminate\Database\Connection->Illuminate\Database\{closure}('alter table "us...', Array)
#2 /Users/daebrionhopwood/Desktop/ipam-backend/ibackend/vendor/laravel/framework/src/Illuminate/Database/Connection.php(607): Illuminate\Database\Connection->runQueryCallback('alter table "us...', Array, Object(Closure))
#3 /Users/daebrionhopwood/Desktop/ipam-backend/ibackend/vendor/laravel/framework/src/Illuminate/Database/Connection.php(450): Illuminate\Database\Connection->run('alter table "us...', Array, Object(Closure))
#4 /Users/daebrionhopwood/Desktop/ipam-backend/ibackend/vendor/laravel/framework/src/Illuminate/Database/Schema/Blueprint.php(83): Illuminate\Database\Connection->statement('alter table "us...')
#5 /Users/daebrionhopwood/Desktop/ipam-backend/ibackend/vendor/laravel/framework/src/Illuminate/Database/Schema/Builder.php(239): Illuminate\Database\Schema\Blueprint->build(Object(Illuminate\Database\PostgresConnection), Object(Illuminate\Database\Schema\Grammars\PostgresGrammar))
#6 /Users/daebrionhopwood/Desktop/ipam-backend/ibackend/vendor/laravel/framework/src/Illuminate/Database/Schema/Builder.php(164): Illuminate\Database\Schema\Builder->build(Object(Illuminate\Database\Schema\Blueprint))
#7 /Users/daebrionhopwood/Desktop/ipam-backend/ibackend/vendor/laravel/framework/src/Illuminate/Support/Facades/Facade.php(221): Illuminate\Database\Schema\Builder->create('users', Object(Closure))
#8 /Users/daebrionhopwood/Desktop/ipam-backend/ibackend/database/migrations/2014_10_12_000000_create_users_table.php(26): Illuminate\Support\Facades\Facade::__callStatic('create', Array)
#9 /Users/daebrionhopwood/Desktop/ipam-backend/ibackend/database/migrations/2014_10_12_000000_create_users_table.php(26): Illuminate\Support\Facades\Schema::create('users', Object(Closure))
#10 /Users/daebrionhopwood/Desktop/ipam-backend/ibackend/vendor/laravel/framework/src/Illuminate/Database/Migrations/Migrator.php(353): CreateUsersTable->up()
#11 /Users/daebrionhopwood/Desktop/ipam-backend/ibackend/vendor/laravel/framework/src/Illuminate/Database/Concerns/ManagesTransactions.php(29): Illuminate\Database\Migrations\Migrator->Illuminate\Database\Migrations\{closure}(Object(Illuminate\Database\PostgresConnection))
#12 /Users/daebrionhopwood/Desktop/ipam-backend/ibackend/vendor/laravel/framework/src/Illuminate/Database/Migrations/Migrator.php(358): Illuminate\Database\Connection->transaction(Object(Closure))
#13 /Users/daebrionhopwood/Desktop/ipam-backend/ibackend/vendor/laravel/framework/src/Illuminate/Database/Migrations/Migrator.php(177): Illuminate\Database\Migrations\Migrator->runMigration(Object(CreateUsersTable), 'up')
#14 /Users/daebrionhopwood/Desktop/ipam-backend/ibackend/vendor/laravel/framework/src/Illuminate/Database/Migrations/Migrator.php(146): Illuminate\Database\Migrations\Migrator->runUp('/Users/daebrion...', 1, false)
#15 /Users/daebrionhopwood/Desktop/ipam-backend/ibackend/vendor/laravel/framework/src/Illuminate/Database/Migrations/Migrator.php(95): Illuminate\Database\Migrations\Migrator->runPending(Array, Array)
#16 /Users/daebrionhopwood/Desktop/ipam-backend/ibackend/vendor/laravel/framework/src/Illuminate/Database/Console/Migrations/MigrateCommand.php(70): Illuminate\Database\Migrations\Migrator->run(Array, Array)
#17 [internal function]: Illuminate\Database\Console\Migrations\MigrateCommand->fire()
#18 /Users/daebrionhopwood/Desktop/ipam-backend/ibackend/vendor/laravel/framework/src/Illuminate/Container/BoundMethod.php(30): call_user_func_array(Array, Array)
#19 /Users/daebrionhopwood/Desktop/ipam-backend/ibackend/vendor/laravel/framework/src/Illuminate/Container/BoundMethod.php(87): Illuminate\Container\BoundMethod::Illuminate\Container\{closure}()
#20 /Users/daebrionhopwood/Desktop/ipam-backend/ibackend/vendor/laravel/framework/src/Illuminate/Container/BoundMethod.php(31): Illuminate\Container\BoundMethod::callBoundMethod(Object(Illuminate\Foundation\Application), Array, Object(Closure))
#21 /Users/daebrionhopwood/Desktop/ipam-backend/ibackend/vendor/laravel/framework/src/Illuminate/Container/Container.php(539): Illuminate\Container\BoundMethod::call(Object(Illuminate\Foundation\Application), Array, Array, NULL)
#22 /Users/daebrionhopwood/Desktop/ipam-backend/ibackend/vendor/laravel/framework/src/Illuminate/Console/Command.php(182): Illuminate\Container\Container->call(Array)
#23 /Users/daebrionhopwood/Desktop/ipam-backend/ibackend/vendor/symfony/console/Command/Command.php(264): Illuminate\Console\Command->execute(Object(Symfony\Component\Console\Input\ArgvInput), Object(Illuminate\Console\OutputStyle))
#24 /Users/daebrionhopwood/Desktop/ipam-backend/ibackend/vendor/laravel/framework/src/Illuminate/Console/Command.php(168): Symfony\Component\Console\Command\Command->run(Object(Symfony\Component\Console\Input\ArgvInput), Object(Illuminate\Console\OutputStyle))
#25 /Users/daebrionhopwood/Desktop/ipam-backend/ibackend/vendor/symfony/console/Application.php(869): Illuminate\Console\Command->run(Object(Symfony\Component\Console\Input\ArgvInput), Object(Symfony\Component\Console\Output\ConsoleOutput))
#26 /Users/daebrionhopwood/Desktop/ipam-backend/ibackend/vendor/symfony/console/Application.php(223): Symfony\Component\Console\Application->doRunCommand(Object(Illuminate\Database\Console\Migrations\MigrateCommand), Object(Symfony\Component\Console\Input\ArgvInput), Object(Symfony\Component\Console\Output\ConsoleOutput))
#27 /Users/daebrionhopwood/Desktop/ipam-backend/ibackend/vendor/symfony/console/Application.php(130): Symfony\Component\Console\Application->doRun(Object(Symfony\Component\Console\Input\ArgvInput), Object(Symfony\Component\Console\Output\ConsoleOutput))
#28 /Users/daebrionhopwood/Desktop/ipam-backend/ibackend/vendor/laravel/framework/src/Illuminate/Foundation/Console/Kernel.php(122): Symfony\Component\Console\Application->run(Object(Symfony\Component\Console\Input\ArgvInput), Object(Symfony\Component\Console\Output\ConsoleOutput))
#29 /Users/daebrionhopwood/Desktop/ipam-backend/ibackend/artisan(36): Illuminate\Foundation\Console\Kernel->handle(Object(Symfony\Component\Console\Input\ArgvInput), Object(Symfony\Component\Console\Output\ConsoleOutput))
#30 {main}

Next exception 'Illuminate\Database\QueryException' with message 'SQLSTATE[42P01]: Undefined table: 7 ERROR:  relation "roles" does not exist (SQL: alter table "users" add constraint "users_role_id_foreign" foreign key ("role_id") references "roles" ("id"))' in /Users/daebrionhopwood/Desktop/ipam-backend/ibackend/vendor/laravel/framework/src/Illuminate/Database/Connection.php:647
Stack trace:
#0 /Users/daebrionhopwood/Desktop/ipam-backend/ibackend/vendor/laravel/framework/src/Illuminate/Database/Connection.php(607): Illuminate\Database\Connection->runQueryCallback('alter table "us...', Array, Object(Closure))
#1 /Users/daebrionhopwood/Desktop/ipam-backend/ibackend/vendor/laravel/framework/src/Illuminate/Database/Connection.php(450): Illuminate\Database\Connection->run('alter table "us...', Array, Object(Closure))
#2 /Users/daebrionhopwood/Desktop/ipam-backend/ibackend/vendor/laravel/framework/src/Illuminate/Database/Schema/Blueprint.php(83): Illuminate\Database\Connection->statement('alter table "us...')
#3 /Users/daebrionhopwood/Desktop/ipam-backend/ibackend/vendor/laravel/framework/src/Illuminate/Database/Schema/Builder.php(239): Illuminate\Database\Schema\Blueprint->build(Object(Illuminate\Database\PostgresConnection), Object(Illuminate\Database\Schema\Grammars\PostgresGrammar))
#4 /Users/daebrionhopwood/Desktop/ipam-backend/ibackend/vendor/laravel/framework/src/Illuminate/Database/Schema/Builder.php(164): Illuminate\Database\Schema\Builder->build(Object(Illuminate\Database\Schema\Blueprint))
#5 /Users/daebrionhopwood/Desktop/ipam-backend/ibackend/vendor/laravel/framework/src/Illuminate/Support/Facades/Facade.php(221): Illuminate\Database\Schema\Builder->create('users', Object(Closure))
#6 /Users/daebrionhopwood/Desktop/ipam-backend/ibackend/database/migrations/2014_10_12_000000_create_users_table.php(26): Illuminate\Support\Facades\Facade::__callStatic('create', Array)
#7 /Users/daebrionhopwood/Desktop/ipam-backend/ibackend/database/migrations/2014_10_12_000000_create_users_table.php(26): Illuminate\Support\Facades\Schema::create('users', Object(Closure))
#8 /Users/daebrionhopwood/Desktop/ipam-backend/ibackend/vendor/laravel/framework/src/Illuminate/Database/Migrations/Migrator.php(353): CreateUsersTable->up()
#9 /Users/daebrionhopwood/Desktop/ipam-backend/ibackend/vendor/laravel/framework/src/Illuminate/Database/Concerns/ManagesTransactions.php(29): Illuminate\Database\Migrations\Migrator->Illuminate\Database\Migrations\{closure}(Object(Illuminate\Database\PostgresConnection))
#10 /Users/daebrionhopwood/Desktop/ipam-backend/ibackend/vendor/laravel/framework/src/Illuminate/Database/Migrations/Migrator.php(358): Illuminate\Database\Connection->transaction(Object(Closure))
#11 /Users/daebrionhopwood/Desktop/ipam-backend/ibackend/vendor/laravel/framework/src/Illuminate/Database/Migrations/Migrator.php(177): Illuminate\Database\Migrations\Migrator->runMigration(Object(CreateUsersTable), 'up')
#12 /Users/daebrionhopwood/Desktop/ipam-backend/ibackend/vendor/laravel/framework/src/Illuminate/Database/Migrations/Migrator.php(146): Illuminate\Database\Migrations\Migrator->runUp('/Users/daebrion...', 1, false)
#13 /Users/daebrionhopwood/Desktop/ipam-backend/ibackend/vendor/laravel/framework/src/Illuminate/Database/Migrations/Migrator.php(95): Illuminate\Database\Migrations\Migrator->runPending(Array, Array)
#14 /Users/daebrionhopwood/Desktop/ipam-backend/ibackend/vendor/laravel/framework/src/Illuminate/Database/Console/Migrations/MigrateCommand.php(70): Illuminate\Database\Migrations\Migrator->run(Array, Array)
#15 [internal function]: Illuminate\Database\Console\Migrations\MigrateCommand->fire()
#16 /Users/daebrionhopwood/Desktop/ipam-backend/ibackend/vendor/laravel/framework/src/Illuminate/Container/BoundMethod.php(30): call_user_func_array(Array, Array)
#17 /Users/daebrionhopwood/Desktop/ipam-backend/ibackend/vendor/laravel/framework/src/Illuminate/Container/BoundMethod.php(87): Illuminate\Container\BoundMethod::Illuminate\Container\{closure}()
#18 /Users/daebrionhopwood/Desktop/ipam-backend/ibackend/vendor/laravel/framework/src/Illuminate/Container/BoundMethod.php(31): Illuminate\Container\BoundMethod::callBoundMethod(Object(Illuminate\Foundation\Application), Array, Object(Closure))
#19 /Users/daebrionhopwood/Desktop/ipam-backend/ibackend/vendor/laravel/framework/src/Illuminate/Container/Container.php(539): Illuminate\Container\BoundMethod::call(Object(Illuminate\Foundation\Application), Array, Array, NULL)
#20 /Users/daebrionhopwood/Desktop/ipam-backend/ibackend/vendor/laravel/framework/src/Illuminate/Console/Command.php(182): Illuminate\Container\Container->call(Array)
#21 /Users/daebrionhopwood/Desktop/ipam-backend/ibackend/vendor/symfony/console/Command/Command.php(264): Illuminate\Console\Command->execute(Object(Symfony\Component\Console\Input\ArgvInput), Object(Illuminate\Console\OutputStyle))
#22 /Users/daebrionhopwood/Desktop/ipam-backend/ibackend/vendor/laravel/framework/src/Illuminate/Console/Command.php(168): Symfony\Component\Console\Command\Command->run(Object(Symfony\Component\Console\Input\ArgvInput), Object(Illuminate\Console\OutputStyle))
#23 /Users/daebrionhopwood/Desktop/ipam-backend/ibackend/vendor/symfony/console/Application.php(869): Illuminate\Console\Command->run(Object(Symfony\Component\Console\Input\ArgvInput), Object(Symfony\Component\Console\Output\ConsoleOutput))
#24 /Users/daebrionhopwood/Desktop/ipam-backend/ibackend/vendor/symfony/console/Application.php(223): Symfony\Component\Console\Application->doRunCommand(Object(Illuminate\Database\Console\Migrations\MigrateCommand), Object(Symfony\Component\Console\Input\ArgvInput), Object(Symfony\Component\Console\Output\ConsoleOutput))
#25 /Users/daebrionhopwood/Desktop/ipam-backend/ibackend/vendor/symfony/console/Application.php(130): Symfony\Component\Console\Application->doRun(Object(Symfony\Component\Console\Input\ArgvInput), Object(Symfony\Component\Console\Output\ConsoleOutput))
#26 /Users/daebrionhopwood/Desktop/ipam-backend/ibackend/vendor/laravel/framework/src/Illuminate/Foundation/Console/Kernel.php(122): Symfony\Component\Console\Application->run(Object(Symfony\Component\Console\Input\ArgvInput), Object(Symfony\Component\Console\Output\ConsoleOutput))
#27 /Users/daebrionhopwood/Desktop/ipam-backend/ibackend/artisan(36): Illuminate\Foundation\Console\Kernel->handle(Object(Symfony\Component\Console\Input\ArgvInput), Object(Symfony\Component\Console\Output\ConsoleOutput))
#28 {main}  
[2017-07-17 19:35:43] local.ERROR: exception 'Symfony\Component\Console\Exception\RuntimeException' with message 'Too many arguments, expected arguments "command".' in /Users/daebrionhopwood/Desktop/ipam-backend/ibackend/vendor/symfony/console/Input/ArgvInput.php:189
Stack trace:
#0 /Users/daebrionhopwood/Desktop/ipam-backend/ibackend/vendor/symfony/console/Input/ArgvInput.php(88): Symfony\Component\Console\Input\ArgvInput->parseArgument('roles')
#1 /Users/daebrionhopwood/Desktop/ipam-backend/ibackend/vendor/symfony/console/Input/Input.php(63): Symfony\Component\Console\Input\ArgvInput->parse()
#2 /Users/daebrionhopwood/Desktop/ipam-backend/ibackend/vendor/symfony/console/Command/Command.php(222): Symfony\Component\Console\Input\Input->bind(Object(Symfony\Component\Console\Input\InputDefinition))
#3 /Users/daebrionhopwood/Desktop/ipam-backend/ibackend/vendor/laravel/framework/src/Illuminate/Console/Command.php(168): Symfony\Component\Console\Command\Command->run(Object(Symfony\Component\Console\Input\ArgvInput), Object(Illuminate\Console\OutputStyle))
#4 /Users/daebrionhopwood/Desktop/ipam-backend/ibackend/vendor/symfony/console/Application.php(869): Illuminate\Console\Command->run(Object(Symfony\Component\Console\Input\ArgvInput), Object(Symfony\Component\Console\Output\ConsoleOutput))
#5 /Users/daebrionhopwood/Desktop/ipam-backend/ibackend/vendor/symfony/console/Application.php(223): Symfony\Component\Console\Application->doRunCommand(Object(Illuminate\Database\Console\Migrations\MigrateCommand), Object(Symfony\Component\Console\Input\ArgvInput), Object(Symfony\Component\Console\Output\ConsoleOutput))
#6 /Users/daebrionhopwood/Desktop/ipam-backend/ibackend/vendor/symfony/console/Application.php(130): Symfony\Component\Console\Application->doRun(Object(Symfony\Component\Console\Input\ArgvInput), Object(Symfony\Component\Console\Output\ConsoleOutput))
#7 /Users/daebrionhopwood/Desktop/ipam-backend/ibackend/vendor/laravel/framework/src/Illuminate/Foundation/Console/Kernel.php(122): Symfony\Component\Console\Application->run(Object(Symfony\Component\Console\Input\ArgvInput), Object(Symfony\Component\Console\Output\ConsoleOutput))
#8 /Users/daebrionhopwood/Desktop/ipam-backend/ibackend/artisan(36): Illuminate\Foundation\Console\Kernel->handle(Object(Symfony\Component\Console\Input\ArgvInput), Object(Symfony\Component\Console\Output\ConsoleOutput))
#9 {main}  
[2017-07-17 19:36:47] local.ERROR: exception 'Symfony\Component\Console\Exception\RuntimeException' with message 'The "--database[" option does not exist.' in /Users/daebrionhopwood/Desktop/ipam-backend/ibackend/vendor/symfony/console/Input/ArgvInput.php:224
Stack trace:
#0 /Users/daebrionhopwood/Desktop/ipam-backend/ibackend/vendor/symfony/console/Input/ArgvInput.php(158): Symfony\Component\Console\Input\ArgvInput->addLongOption('database[', 'roles]')
#1 /Users/daebrionhopwood/Desktop/ipam-backend/ibackend/vendor/symfony/console/Input/ArgvInput.php(84): Symfony\Component\Console\Input\ArgvInput->parseLongOption('--database[=rol...')
#2 /Users/daebrionhopwood/Desktop/ipam-backend/ibackend/vendor/symfony/console/Input/Input.php(63): Symfony\Component\Console\Input\ArgvInput->parse()
#3 /Users/daebrionhopwood/Desktop/ipam-backend/ibackend/vendor/symfony/console/Command/Command.php(222): Symfony\Component\Console\Input\Input->bind(Object(Symfony\Component\Console\Input\InputDefinition))
#4 /Users/daebrionhopwood/Desktop/ipam-backend/ibackend/vendor/laravel/framework/src/Illuminate/Console/Command.php(168): Symfony\Component\Console\Command\Command->run(Object(Symfony\Component\Console\Input\ArgvInput), Object(Illuminate\Console\OutputStyle))
#5 /Users/daebrionhopwood/Desktop/ipam-backend/ibackend/vendor/symfony/console/Application.php(869): Illuminate\Console\Command->run(Object(Symfony\Component\Console\Input\ArgvInput), Object(Symfony\Component\Console\Output\ConsoleOutput))
#6 /Users/daebrionhopwood/Desktop/ipam-backend/ibackend/vendor/symfony/console/Application.php(223): Symfony\Component\Console\Application->doRunCommand(Object(Illuminate\Database\Console\Migrations\MigrateCommand), Object(Symfony\Component\Console\Input\ArgvInput), Object(Symfony\Component\Console\Output\ConsoleOutput))
#7 /Users/daebrionhopwood/Desktop/ipam-backend/ibackend/vendor/symfony/console/Application.php(130): Symfony\Component\Console\Application->doRun(Object(Symfony\Component\Console\Input\ArgvInput), Object(Symfony\Component\Console\Output\ConsoleOutput))
#8 /Users/daebrionhopwood/Desktop/ipam-backend/ibackend/vendor/laravel/framework/src/Illuminate/Foundation/Console/Kernel.php(122): Symfony\Component\Console\Application->run(Object(Symfony\Component\Console\Input\ArgvInput), Object(Symfony\Component\Console\Output\ConsoleOutput))
#9 /Users/daebrionhopwood/Desktop/ipam-backend/ibackend/artisan(36): Illuminate\Foundation\Console\Kernel->handle(Object(Symfony\Component\Console\Input\ArgvInput), Object(Symfony\Component\Console\Output\ConsoleOutput))
#10 {main}  
[2017-07-17 19:36:57] local.ERROR: exception 'InvalidArgumentException' with message 'Database [=roles] not configured.' in /Users/daebrionhopwood/Desktop/ipam-backend/ibackend/vendor/laravel/framework/src/Illuminate/Database/DatabaseManager.php:137
Stack trace:
#0 /Users/daebrionhopwood/Desktop/ipam-backend/ibackend/vendor/laravel/framework/src/Illuminate/Database/DatabaseManager.php(100): Illuminate\Database\DatabaseManager->configuration('=roles')
#1 /Users/daebrionhopwood/Desktop/ipam-backend/ibackend/vendor/laravel/framework/src/Illuminate/Database/DatabaseManager.php(71): Illuminate\Database\DatabaseManager->makeConnection('=roles')
#2 /Users/daebrionhopwood/Desktop/ipam-backend/ibackend/vendor/laravel/framework/src/Illuminate/Database/Migrations/DatabaseMigrationRepository.php(184): Illuminate\Database\DatabaseManager->connection('=roles')
#3 /Users/daebrionhopwood/Desktop/ipam-backend/ibackend/vendor/laravel/framework/src/Illuminate/Database/Migrations/DatabaseMigrationRepository.php(152): Illuminate\Database\Migrations\DatabaseMigrationRepository->getConnection()
#4 /Users/daebrionhopwood/Desktop/ipam-backend/ibackend/vendor/laravel/framework/src/Illuminate/Database/Migrations/Migrator.php(538): Illuminate\Database\Migrations\DatabaseMigrationRepository->repositoryExists()
#5 /Users/daebrionhopwood/Desktop/ipam-backend/ibackend/vendor/laravel/framework/src/Illuminate/Database/Console/Migrations/MigrateCommand.php(96): Illuminate\Database\Migrations\Migrator->repositoryExists()
#6 /Users/daebrionhopwood/Desktop/ipam-backend/ibackend/vendor/laravel/framework/src/Illuminate/Database/Console/Migrations/MigrateCommand.php(62): Illuminate\Database\Console\Migrations\MigrateCommand->prepareDatabase()
#7 [internal function]: Illuminate\Database\Console\Migrations\MigrateCommand->fire()
#8 /Users/daebrionhopwood/Desktop/ipam-backend/ibackend/vendor/laravel/framework/src/Illuminate/Container/BoundMethod.php(30): call_user_func_array(Array, Array)
#9 /Users/daebrionhopwood/Desktop/ipam-backend/ibackend/vendor/laravel/framework/src/Illuminate/Container/BoundMethod.php(87): Illuminate\Container\BoundMethod::Illuminate\Container\{closure}()
#10 /Users/daebrionhopwood/Desktop/ipam-backend/ibackend/vendor/laravel/framework/src/Illuminate/Container/BoundMethod.php(31): Illuminate\Container\BoundMethod::callBoundMethod(Object(Illuminate\Foundation\Application), Array, Object(Closure))
#11 /Users/daebrionhopwood/Desktop/ipam-backend/ibackend/vendor/laravel/framework/src/Illuminate/Container/Container.php(539): Illuminate\Container\BoundMethod::call(Object(Illuminate\Foundation\Application), Array, Array, NULL)
#12 /Users/daebrionhopwood/Desktop/ipam-backend/ibackend/vendor/laravel/framework/src/Illuminate/Console/Command.php(182): Illuminate\Container\Container->call(Array)
#13 /Users/daebrionhopwood/Desktop/ipam-backend/ibackend/vendor/symfony/console/Command/Command.php(264): Illuminate\Console\Command->execute(Object(Symfony\Component\Console\Input\ArgvInput), Object(Illuminate\Console\OutputStyle))
#14 /Users/daebrionhopwood/Desktop/ipam-backend/ibackend/vendor/laravel/framework/src/Illuminate/Console/Command.php(168): Symfony\Component\Console\Command\Command->run(Object(Symfony\Component\Console\Input\ArgvInput), Object(Illuminate\Console\OutputStyle))
#15 /Users/daebrionhopwood/Desktop/ipam-backend/ibackend/vendor/symfony/console/Application.php(869): Illuminate\Console\Command->run(Object(Symfony\Component\Console\Input\ArgvInput), Object(Symfony\Component\Console\Output\ConsoleOutput))
#16 /Users/daebrionhopwood/Desktop/ipam-backend/ibackend/vendor/symfony/console/Application.php(223): Symfony\Component\Console\Application->doRunCommand(Object(Illuminate\Database\Console\Migrations\MigrateCommand), Object(Symfony\Component\Console\Input\ArgvInput), Object(Symfony\Component\Console\Output\ConsoleOutput))
#17 /Users/daebrionhopwood/Desktop/ipam-backend/ibackend/vendor/symfony/console/Application.php(130): Symfony\Component\Console\Application->doRun(Object(Symfony\Component\Console\Input\ArgvInput), Object(Symfony\Component\Console\Output\ConsoleOutput))
#18 /Users/daebrionhopwood/Desktop/ipam-backend/ibackend/vendor/laravel/framework/src/Illuminate/Foundation/Console/Kernel.php(122): Symfony\Component\Console\Application->run(Object(Symfony\Component\Console\Input\ArgvInput), Object(Symfony\Component\Console\Output\ConsoleOutput))
#19 /Users/daebrionhopwood/Desktop/ipam-backend/ibackend/artisan(36): Illuminate\Foundation\Console\Kernel->handle(Object(Symfony\Component\Console\Input\ArgvInput), Object(Symfony\Component\Console\Output\ConsoleOutput))
#20 {main}  
[2017-07-17 19:43:18] local.ERROR: exception 'PDOException' with message 'SQLSTATE[42804]: Datatype mismatch: 7 ERROR:  foreign key constraint "users_role_id_foreign" cannot be implemented
DETAIL:  Key columns "role_id" and "id" are of incompatible types: character varying and integer.' in /Users/daebrionhopwood/Desktop/ipam-backend/ibackend/vendor/laravel/framework/src/Illuminate/Database/Connection.php:449
Stack trace:
#0 /Users/daebrionhopwood/Desktop/ipam-backend/ibackend/vendor/laravel/framework/src/Illuminate/Database/Connection.php(449): PDOStatement->execute()
#1 /Users/daebrionhopwood/Desktop/ipam-backend/ibackend/vendor/laravel/framework/src/Illuminate/Database/Connection.php(640): Illuminate\Database\Connection->Illuminate\Database\{closure}('alter table "us...', Array)
#2 /Users/daebrionhopwood/Desktop/ipam-backend/ibackend/vendor/laravel/framework/src/Illuminate/Database/Connection.php(607): Illuminate\Database\Connection->runQueryCallback('alter table "us...', Array, Object(Closure))
#3 /Users/daebrionhopwood/Desktop/ipam-backend/ibackend/vendor/laravel/framework/src/Illuminate/Database/Connection.php(450): Illuminate\Database\Connection->run('alter table "us...', Array, Object(Closure))
#4 /Users/daebrionhopwood/Desktop/ipam-backend/ibackend/vendor/laravel/framework/src/Illuminate/Database/Schema/Blueprint.php(83): Illuminate\Database\Connection->statement('alter table "us...')
#5 /Users/daebrionhopwood/Desktop/ipam-backend/ibackend/vendor/laravel/framework/src/Illuminate/Database/Schema/Builder.php(239): Illuminate\Database\Schema\Blueprint->build(Object(Illuminate\Database\PostgresConnection), Object(Illuminate\Database\Schema\Grammars\PostgresGrammar))
#6 /Users/daebrionhopwood/Desktop/ipam-backend/ibackend/vendor/laravel/framework/src/Illuminate/Database/Schema/Builder.php(164): Illuminate\Database\Schema\Builder->build(Object(Illuminate\Database\Schema\Blueprint))
#7 /Users/daebrionhopwood/Desktop/ipam-backend/ibackend/vendor/laravel/framework/src/Illuminate/Support/Facades/Facade.php(221): Illuminate\Database\Schema\Builder->create('users', Object(Closure))
#8 /Users/daebrionhopwood/Desktop/ipam-backend/ibackend/database/migrations/2014_10_12_000000_create_users_table.php(26): Illuminate\Support\Facades\Facade::__callStatic('create', Array)
#9 /Users/daebrionhopwood/Desktop/ipam-backend/ibackend/database/migrations/2014_10_12_000000_create_users_table.php(26): Illuminate\Support\Facades\Schema::create('users', Object(Closure))
#10 /Users/daebrionhopwood/Desktop/ipam-backend/ibackend/vendor/laravel/framework/src/Illuminate/Database/Migrations/Migrator.php(353): CreateUsersTable->up()
#11 /Users/daebrionhopwood/Desktop/ipam-backend/ibackend/vendor/laravel/framework/src/Illuminate/Database/Concerns/ManagesTransactions.php(29): Illuminate\Database\Migrations\Migrator->Illuminate\Database\Migrations\{closure}(Object(Illuminate\Database\PostgresConnection))
#12 /Users/daebrionhopwood/Desktop/ipam-backend/ibackend/vendor/laravel/framework/src/Illuminate/Database/Migrations/Migrator.php(358): Illuminate\Database\Connection->transaction(Object(Closure))
#13 /Users/daebrionhopwood/Desktop/ipam-backend/ibackend/vendor/laravel/framework/src/Illuminate/Database/Migrations/Migrator.php(177): Illuminate\Database\Migrations\Migrator->runMigration(Object(CreateUsersTable), 'up')
#14 /Users/daebrionhopwood/Desktop/ipam-backend/ibackend/vendor/laravel/framework/src/Illuminate/Database/Migrations/Migrator.php(146): Illuminate\Database\Migrations\Migrator->runUp('/Users/daebrion...', 1, false)
#15 /Users/daebrionhopwood/Desktop/ipam-backend/ibackend/vendor/laravel/framework/src/Illuminate/Database/Migrations/Migrator.php(95): Illuminate\Database\Migrations\Migrator->runPending(Array, Array)
#16 /Users/daebrionhopwood/Desktop/ipam-backend/ibackend/vendor/laravel/framework/src/Illuminate/Database/Console/Migrations/MigrateCommand.php(70): Illuminate\Database\Migrations\Migrator->run(Array, Array)
#17 [internal function]: Illuminate\Database\Console\Migrations\MigrateCommand->fire()
#18 /Users/daebrionhopwood/Desktop/ipam-backend/ibackend/vendor/laravel/framework/src/Illuminate/Container/BoundMethod.php(30): call_user_func_array(Array, Array)
#19 /Users/daebrionhopwood/Desktop/ipam-backend/ibackend/vendor/laravel/framework/src/Illuminate/Container/BoundMethod.php(87): Illuminate\Container\BoundMethod::Illuminate\Container\{closure}()
#20 /Users/daebrionhopwood/Desktop/ipam-backend/ibackend/vendor/laravel/framework/src/Illuminate/Container/BoundMethod.php(31): Illuminate\Container\BoundMethod::callBoundMethod(Object(Illuminate\Foundation\Application), Array, Object(Closure))
#21 /Users/daebrionhopwood/Desktop/ipam-backend/ibackend/vendor/laravel/framework/src/Illuminate/Container/Container.php(539): Illuminate\Container\BoundMethod::call(Object(Illuminate\Foundation\Application), Array, Array, NULL)
#22 /Users/daebrionhopwood/Desktop/ipam-backend/ibackend/vendor/laravel/framework/src/Illuminate/Console/Command.php(182): Illuminate\Container\Container->call(Array)
#23 /Users/daebrionhopwood/Desktop/ipam-backend/ibackend/vendor/symfony/console/Command/Command.php(264): Illuminate\Console\Command->execute(Object(Symfony\Component\Console\Input\ArgvInput), Object(Illuminate\Console\OutputStyle))
#24 /Users/daebrionhopwood/Desktop/ipam-backend/ibackend/vendor/laravel/framework/src/Illuminate/Console/Command.php(168): Symfony\Component\Console\Command\Command->run(Object(Symfony\Component\Console\Input\ArgvInput), Object(Illuminate\Console\OutputStyle))
#25 /Users/daebrionhopwood/Desktop/ipam-backend/ibackend/vendor/symfony/console/Application.php(869): Illuminate\Console\Command->run(Object(Symfony\Component\Console\Input\ArgvInput), Object(Symfony\Component\Console\Output\ConsoleOutput))
#26 /Users/daebrionhopwood/Desktop/ipam-backend/ibackend/vendor/symfony/console/Application.php(223): Symfony\Component\Console\Application->doRunCommand(Object(Illuminate\Database\Console\Migrations\MigrateCommand), Object(Symfony\Component\Console\Input\ArgvInput), Object(Symfony\Component\Console\Output\ConsoleOutput))
#27 /Users/daebrionhopwood/Desktop/ipam-backend/ibackend/vendor/symfony/console/Application.php(130): Symfony\Component\Console\Application->doRun(Object(Symfony\Component\Console\Input\ArgvInput), Object(Symfony\Component\Console\Output\ConsoleOutput))
#28 /Users/daebrionhopwood/Desktop/ipam-backend/ibackend/vendor/laravel/framework/src/Illuminate/Foundation/Console/Kernel.php(122): Symfony\Component\Console\Application->run(Object(Symfony\Component\Console\Input\ArgvInput), Object(Symfony\Component\Console\Output\ConsoleOutput))
#29 /Users/daebrionhopwood/Desktop/ipam-backend/ibackend/artisan(36): Illuminate\Foundation\Console\Kernel->handle(Object(Symfony\Component\Console\Input\ArgvInput), Object(Symfony\Component\Console\Output\ConsoleOutput))
#30 {main}

Next exception 'Illuminate\Database\QueryException' with message 'SQLSTATE[42804]: Datatype mismatch: 7 ERROR:  foreign key constraint "users_role_id_foreign" cannot be implemented
DETAIL:  Key columns "role_id" and "id" are of incompatible types: character varying and integer. (SQL: alter table "users" add constraint "users_role_id_foreign" foreign key ("role_id") references "roles" ("id"))' in /Users/daebrionhopwood/Desktop/ipam-backend/ibackend/vendor/laravel/framework/src/Illuminate/Database/Connection.php:647
Stack trace:
#0 /Users/daebrionhopwood/Desktop/ipam-backend/ibackend/vendor/laravel/framework/src/Illuminate/Database/Connection.php(607): Illuminate\Database\Connection->runQueryCallback('alter table "us...', Array, Object(Closure))
#1 /Users/daebrionhopwood/Desktop/ipam-backend/ibackend/vendor/laravel/framework/src/Illuminate/Database/Connection.php(450): Illuminate\Database\Connection->run('alter table "us...', Array, Object(Closure))
#2 /Users/daebrionhopwood/Desktop/ipam-backend/ibackend/vendor/laravel/framework/src/Illuminate/Database/Schema/Blueprint.php(83): Illuminate\Database\Connection->statement('alter table "us...')
#3 /Users/daebrionhopwood/Desktop/ipam-backend/ibackend/vendor/laravel/framework/src/Illuminate/Database/Schema/Builder.php(239): Illuminate\Database\Schema\Blueprint->build(Object(Illuminate\Database\PostgresConnection), Object(Illuminate\Database\Schema\Grammars\PostgresGrammar))
#4 /Users/daebrionhopwood/Desktop/ipam-backend/ibackend/vendor/laravel/framework/src/Illuminate/Database/Schema/Builder.php(164): Illuminate\Database\Schema\Builder->build(Object(Illuminate\Database\Schema\Blueprint))
#5 /Users/daebrionhopwood/Desktop/ipam-backend/ibackend/vendor/laravel/framework/src/Illuminate/Support/Facades/Facade.php(221): Illuminate\Database\Schema\Builder->create('users', Object(Closure))
#6 /Users/daebrionhopwood/Desktop/ipam-backend/ibackend/database/migrations/2014_10_12_000000_create_users_table.php(26): Illuminate\Support\Facades\Facade::__callStatic('create', Array)
#7 /Users/daebrionhopwood/Desktop/ipam-backend/ibackend/database/migrations/2014_10_12_000000_create_users_table.php(26): Illuminate\Support\Facades\Schema::create('users', Object(Closure))
#8 /Users/daebrionhopwood/Desktop/ipam-backend/ibackend/vendor/laravel/framework/src/Illuminate/Database/Migrations/Migrator.php(353): CreateUsersTable->up()
#9 /Users/daebrionhopwood/Desktop/ipam-backend/ibackend/vendor/laravel/framework/src/Illuminate/Database/Concerns/ManagesTransactions.php(29): Illuminate\Database\Migrations\Migrator->Illuminate\Database\Migrations\{closure}(Object(Illuminate\Database\PostgresConnection))
#10 /Users/daebrionhopwood/Desktop/ipam-backend/ibackend/vendor/laravel/framework/src/Illuminate/Database/Migrations/Migrator.php(358): Illuminate\Database\Connection->transaction(Object(Closure))
#11 /Users/daebrionhopwood/Desktop/ipam-backend/ibackend/vendor/laravel/framework/src/Illuminate/Database/Migrations/Migrator.php(177): Illuminate\Database\Migrations\Migrator->runMigration(Object(CreateUsersTable), 'up')
#12 /Users/daebrionhopwood/Desktop/ipam-backend/ibackend/vendor/laravel/framework/src/Illuminate/Database/Migrations/Migrator.php(146): Illuminate\Database\Migrations\Migrator->runUp('/Users/daebrion...', 1, false)
#13 /Users/daebrionhopwood/Desktop/ipam-backend/ibackend/vendor/laravel/framework/src/Illuminate/Database/Migrations/Migrator.php(95): Illuminate\Database\Migrations\Migrator->runPending(Array, Array)
#14 /Users/daebrionhopwood/Desktop/ipam-backend/ibackend/vendor/laravel/framework/src/Illuminate/Database/Console/Migrations/MigrateCommand.php(70): Illuminate\Database\Migrations\Migrator->run(Array, Array)
#15 [internal function]: Illuminate\Database\Console\Migrations\MigrateCommand->fire()
#16 /Users/daebrionhopwood/Desktop/ipam-backend/ibackend/vendor/laravel/framework/src/Illuminate/Container/BoundMethod.php(30): call_user_func_array(Array, Array)
#17 /Users/daebrionhopwood/Desktop/ipam-backend/ibackend/vendor/laravel/framework/src/Illuminate/Container/BoundMethod.php(87): Illuminate\Container\BoundMethod::Illuminate\Container\{closure}()
#18 /Users/daebrionhopwood/Desktop/ipam-backend/ibackend/vendor/laravel/framework/src/Illuminate/Container/BoundMethod.php(31): Illuminate\Container\BoundMethod::callBoundMethod(Object(Illuminate\Foundation\Application), Array, Object(Closure))
#19 /Users/daebrionhopwood/Desktop/ipam-backend/ibackend/vendor/laravel/framework/src/Illuminate/Container/Container.php(539): Illuminate\Container\BoundMethod::call(Object(Illuminate\Foundation\Application), Array, Array, NULL)
#20 /Users/daebrionhopwood/Desktop/ipam-backend/ibackend/vendor/laravel/framework/src/Illuminate/Console/Command.php(182): Illuminate\Container\Container->call(Array)
#21 /Users/daebrionhopwood/Desktop/ipam-backend/ibackend/vendor/symfony/console/Command/Command.php(264): Illuminate\Console\Command->execute(Object(Symfony\Component\Console\Input\ArgvInput), Object(Illuminate\Console\OutputStyle))
#22 /Users/daebrionhopwood/Desktop/ipam-backend/ibackend/vendor/laravel/framework/src/Illuminate/Console/Command.php(168): Symfony\Component\Console\Command\Command->run(Object(Symfony\Component\Console\Input\ArgvInput), Object(Illuminate\Console\OutputStyle))
#23 /Users/daebrionhopwood/Desktop/ipam-backend/ibackend/vendor/symfony/console/Application.php(869): Illuminate\Console\Command->run(Object(Symfony\Component\Console\Input\ArgvInput), Object(Symfony\Component\Console\Output\ConsoleOutput))
#24 /Users/daebrionhopwood/Desktop/ipam-backend/ibackend/vendor/symfony/console/Application.php(223): Symfony\Component\Console\Application->doRunCommand(Object(Illuminate\Database\Console\Migrations\MigrateCommand), Object(Symfony\Component\Console\Input\ArgvInput), Object(Symfony\Component\Console\Output\ConsoleOutput))
#25 /Users/daebrionhopwood/Desktop/ipam-backend/ibackend/vendor/symfony/console/Application.php(130): Symfony\Component\Console\Application->doRun(Object(Symfony\Component\Console\Input\ArgvInput), Object(Symfony\Component\Console\Output\ConsoleOutput))
#26 /Users/daebrionhopwood/Desktop/ipam-backend/ibackend/vendor/laravel/framework/src/Illuminate/Foundation/Console/Kernel.php(122): Symfony\Component\Console\Application->run(Object(Symfony\Component\Console\Input\ArgvInput), Object(Symfony\Component\Console\Output\ConsoleOutput))
#27 /Users/daebrionhopwood/Desktop/ipam-backend/ibackend/artisan(36): Illuminate\Foundation\Console\Kernel->handle(Object(Symfony\Component\Console\Input\ArgvInput), Object(Symfony\Component\Console\Output\ConsoleOutput))
#28 {main}  
[2017-07-17 19:45:43] local.ERROR: exception 'Symfony\Component\Debug\Exception\FatalErrorException' with message 'Class 'CreateEquipmentsTable' not found' in /Users/daebrionhopwood/Desktop/ipam-backend/ibackend/vendor/laravel/framework/src/Illuminate/Database/Migrations/Migrator.php:411
Stack trace:
#0 {main}  
[2017-07-17 19:47:17] local.ERROR: exception 'PDOException' with message 'SQLSTATE[42P01]: Undefined table: 7 ERROR:  relation "equipment_types" does not exist' in /Users/daebrionhopwood/Desktop/ipam-backend/ibackend/vendor/laravel/framework/src/Illuminate/Database/Connection.php:449
Stack trace:
#0 /Users/daebrionhopwood/Desktop/ipam-backend/ibackend/vendor/laravel/framework/src/Illuminate/Database/Connection.php(449): PDOStatement->execute()
#1 /Users/daebrionhopwood/Desktop/ipam-backend/ibackend/vendor/laravel/framework/src/Illuminate/Database/Connection.php(640): Illuminate\Database\Connection->Illuminate\Database\{closure}('alter table "eq...', Array)
#2 /Users/daebrionhopwood/Desktop/ipam-backend/ibackend/vendor/laravel/framework/src/Illuminate/Database/Connection.php(607): Illuminate\Database\Connection->runQueryCallback('alter table "eq...', Array, Object(Closure))
#3 /Users/daebrionhopwood/Desktop/ipam-backend/ibackend/vendor/laravel/framework/src/Illuminate/Database/Connection.php(450): Illuminate\Database\Connection->run('alter table "eq...', Array, Object(Closure))
#4 /Users/daebrionhopwood/Desktop/ipam-backend/ibackend/vendor/laravel/framework/src/Illuminate/Database/Schema/Blueprint.php(83): Illuminate\Database\Connection->statement('alter table "eq...')
#5 /Users/daebrionhopwood/Desktop/ipam-backend/ibackend/vendor/laravel/framework/src/Illuminate/Database/Schema/Builder.php(239): Illuminate\Database\Schema\Blueprint->build(Object(Illuminate\Database\PostgresConnection), Object(Illuminate\Database\Schema\Grammars\PostgresGrammar))
#6 /Users/daebrionhopwood/Desktop/ipam-backend/ibackend/vendor/laravel/framework/src/Illuminate/Database/Schema/Builder.php(164): Illuminate\Database\Schema\Builder->build(Object(Illuminate\Database\Schema\Blueprint))
#7 /Users/daebrionhopwood/Desktop/ipam-backend/ibackend/vendor/laravel/framework/src/Illuminate/Support/Facades/Facade.php(221): Illuminate\Database\Schema\Builder->create('equipments', Object(Closure))
#8 /Users/daebrionhopwood/Desktop/ipam-backend/ibackend/database/migrations/2017_07_17_171004_create_equipments_table.php(41): Illuminate\Support\Facades\Facade::__callStatic('create', Array)
#9 /Users/daebrionhopwood/Desktop/ipam-backend/ibackend/database/migrations/2017_07_17_171004_create_equipments_table.php(41): Illuminate\Support\Facades\Schema::create('equipments', Object(Closure))
#10 /Users/daebrionhopwood/Desktop/ipam-backend/ibackend/vendor/laravel/framework/src/Illuminate/Database/Migrations/Migrator.php(353): CreateEquipmentsTable->up()
#11 /Users/daebrionhopwood/Desktop/ipam-backend/ibackend/vendor/laravel/framework/src/Illuminate/Database/Concerns/ManagesTransactions.php(29): Illuminate\Database\Migrations\Migrator->Illuminate\Database\Migrations\{closure}(Object(Illuminate\Database\PostgresConnection))
#12 /Users/daebrionhopwood/Desktop/ipam-backend/ibackend/vendor/laravel/framework/src/Illuminate/Database/Migrations/Migrator.php(358): Illuminate\Database\Connection->transaction(Object(Closure))
#13 /Users/daebrionhopwood/Desktop/ipam-backend/ibackend/vendor/laravel/framework/src/Illuminate/Database/Migrations/Migrator.php(177): Illuminate\Database\Migrations\Migrator->runMigration(Object(CreateEquipmentsTable), 'up')
#14 /Users/daebrionhopwood/Desktop/ipam-backend/ibackend/vendor/laravel/framework/src/Illuminate/Database/Migrations/Migrator.php(146): Illuminate\Database\Migrations\Migrator->runUp('/Users/daebrion...', 3, false)
#15 /Users/daebrionhopwood/Desktop/ipam-backend/ibackend/vendor/laravel/framework/src/Illuminate/Database/Migrations/Migrator.php(95): Illuminate\Database\Migrations\Migrator->runPending(Array, Array)
#16 /Users/daebrionhopwood/Desktop/ipam-backend/ibackend/vendor/laravel/framework/src/Illuminate/Database/Console/Migrations/MigrateCommand.php(70): Illuminate\Database\Migrations\Migrator->run(Array, Array)
#17 [internal function]: Illuminate\Database\Console\Migrations\MigrateCommand->fire()
#18 /Users/daebrionhopwood/Desktop/ipam-backend/ibackend/vendor/laravel/framework/src/Illuminate/Container/BoundMethod.php(30): call_user_func_array(Array, Array)
#19 /Users/daebrionhopwood/Desktop/ipam-backend/ibackend/vendor/laravel/framework/src/Illuminate/Container/BoundMethod.php(87): Illuminate\Container\BoundMethod::Illuminate\Container\{closure}()
#20 /Users/daebrionhopwood/Desktop/ipam-backend/ibackend/vendor/laravel/framework/src/Illuminate/Container/BoundMethod.php(31): Illuminate\Container\BoundMethod::callBoundMethod(Object(Illuminate\Foundation\Application), Array, Object(Closure))
#21 /Users/daebrionhopwood/Desktop/ipam-backend/ibackend/vendor/laravel/framework/src/Illuminate/Container/Container.php(539): Illuminate\Container\BoundMethod::call(Object(Illuminate\Foundation\Application), Array, Array, NULL)
#22 /Users/daebrionhopwood/Desktop/ipam-backend/ibackend/vendor/laravel/framework/src/Illuminate/Console/Command.php(182): Illuminate\Container\Container->call(Array)
#23 /Users/daebrionhopwood/Desktop/ipam-backend/ibackend/vendor/symfony/console/Command/Command.php(264): Illuminate\Console\Command->execute(Object(Symfony\Component\Console\Input\ArgvInput), Object(Illuminate\Console\OutputStyle))
#24 /Users/daebrionhopwood/Desktop/ipam-backend/ibackend/vendor/laravel/framework/src/Illuminate/Console/Command.php(168): Symfony\Component\Console\Command\Command->run(Object(Symfony\Component\Console\Input\ArgvInput), Object(Illuminate\Console\OutputStyle))
#25 /Users/daebrionhopwood/Desktop/ipam-backend/ibackend/vendor/symfony/console/Application.php(869): Illuminate\Console\Command->run(Object(Symfony\Component\Console\Input\ArgvInput), Object(Symfony\Component\Console\Output\ConsoleOutput))
#26 /Users/daebrionhopwood/Desktop/ipam-backend/ibackend/vendor/symfony/console/Application.php(223): Symfony\Component\Console\Application->doRunCommand(Object(Illuminate\Database\Console\Migrations\MigrateCommand), Object(Symfony\Component\Console\Input\ArgvInput), Object(Symfony\Component\Console\Output\ConsoleOutput))
#27 /Users/daebrionhopwood/Desktop/ipam-backend/ibackend/vendor/symfony/console/Application.php(130): Symfony\Component\Console\Application->doRun(Object(Symfony\Component\Console\Input\ArgvInput), Object(Symfony\Component\Console\Output\ConsoleOutput))
#28 /Users/daebrionhopwood/Desktop/ipam-backend/ibackend/vendor/laravel/framework/src/Illuminate/Foundation/Console/Kernel.php(122): Symfony\Component\Console\Application->run(Object(Symfony\Component\Console\Input\ArgvInput), Object(Symfony\Component\Console\Output\ConsoleOutput))
#29 /Users/daebrionhopwood/Desktop/ipam-backend/ibackend/artisan(36): Illuminate\Foundation\Console\Kernel->handle(Object(Symfony\Component\Console\Input\ArgvInput), Object(Symfony\Component\Console\Output\ConsoleOutput))
#30 {main}

Next exception 'Illuminate\Database\QueryException' with message 'SQLSTATE[42P01]: Undefined table: 7 ERROR:  relation "equipment_types" does not exist (SQL: alter table "equipments" add constraint "equipments_type_id_foreign" foreign key ("type_id") references "equipment_types" ("id"))' in /Users/daebrionhopwood/Desktop/ipam-backend/ibackend/vendor/laravel/framework/src/Illuminate/Database/Connection.php:647
Stack trace:
#0 /Users/daebrionhopwood/Desktop/ipam-backend/ibackend/vendor/laravel/framework/src/Illuminate/Database/Connection.php(607): Illuminate\Database\Connection->runQueryCallback('alter table "eq...', Array, Object(Closure))
#1 /Users/daebrionhopwood/Desktop/ipam-backend/ibackend/vendor/laravel/framework/src/Illuminate/Database/Connection.php(450): Illuminate\Database\Connection->run('alter table "eq...', Array, Object(Closure))
#2 /Users/daebrionhopwood/Desktop/ipam-backend/ibackend/vendor/laravel/framework/src/Illuminate/Database/Schema/Blueprint.php(83): Illuminate\Database\Connection->statement('alter table "eq...')
#3 /Users/daebrionhopwood/Desktop/ipam-backend/ibackend/vendor/laravel/framework/src/Illuminate/Database/Schema/Builder.php(239): Illuminate\Database\Schema\Blueprint->build(Object(Illuminate\Database\PostgresConnection), Object(Illuminate\Database\Schema\Grammars\PostgresGrammar))
#4 /Users/daebrionhopwood/Desktop/ipam-backend/ibackend/vendor/laravel/framework/src/Illuminate/Database/Schema/Builder.php(164): Illuminate\Database\Schema\Builder->build(Object(Illuminate\Database\Schema\Blueprint))
#5 /Users/daebrionhopwood/Desktop/ipam-backend/ibackend/vendor/laravel/framework/src/Illuminate/Support/Facades/Facade.php(221): Illuminate\Database\Schema\Builder->create('equipments', Object(Closure))
#6 /Users/daebrionhopwood/Desktop/ipam-backend/ibackend/database/migrations/2017_07_17_171004_create_equipments_table.php(41): Illuminate\Support\Facades\Facade::__callStatic('create', Array)
#7 /Users/daebrionhopwood/Desktop/ipam-backend/ibackend/database/migrations/2017_07_17_171004_create_equipments_table.php(41): Illuminate\Support\Facades\Schema::create('equipments', Object(Closure))
#8 /Users/daebrionhopwood/Desktop/ipam-backend/ibackend/vendor/laravel/framework/src/Illuminate/Database/Migrations/Migrator.php(353): CreateEquipmentsTable->up()
#9 /Users/daebrionhopwood/Desktop/ipam-backend/ibackend/vendor/laravel/framework/src/Illuminate/Database/Concerns/ManagesTransactions.php(29): Illuminate\Database\Migrations\Migrator->Illuminate\Database\Migrations\{closure}(Object(Illuminate\Database\PostgresConnection))
#10 /Users/daebrionhopwood/Desktop/ipam-backend/ibackend/vendor/laravel/framework/src/Illuminate/Database/Migrations/Migrator.php(358): Illuminate\Database\Connection->transaction(Object(Closure))
#11 /Users/daebrionhopwood/Desktop/ipam-backend/ibackend/vendor/laravel/framework/src/Illuminate/Database/Migrations/Migrator.php(177): Illuminate\Database\Migrations\Migrator->runMigration(Object(CreateEquipmentsTable), 'up')
#12 /Users/daebrionhopwood/Desktop/ipam-backend/ibackend/vendor/laravel/framework/src/Illuminate/Database/Migrations/Migrator.php(146): Illuminate\Database\Migrations\Migrator->runUp('/Users/daebrion...', 3, false)
#13 /Users/daebrionhopwood/Desktop/ipam-backend/ibackend/vendor/laravel/framework/src/Illuminate/Database/Migrations/Migrator.php(95): Illuminate\Database\Migrations\Migrator->runPending(Array, Array)
#14 /Users/daebrionhopwood/Desktop/ipam-backend/ibackend/vendor/laravel/framework/src/Illuminate/Database/Console/Migrations/MigrateCommand.php(70): Illuminate\Database\Migrations\Migrator->run(Array, Array)
#15 [internal function]: Illuminate\Database\Console\Migrations\MigrateCommand->fire()
#16 /Users/daebrionhopwood/Desktop/ipam-backend/ibackend/vendor/laravel/framework/src/Illuminate/Container/BoundMethod.php(30): call_user_func_array(Array, Array)
#17 /Users/daebrionhopwood/Desktop/ipam-backend/ibackend/vendor/laravel/framework/src/Illuminate/Container/BoundMethod.php(87): Illuminate\Container\BoundMethod::Illuminate\Container\{closure}()
#18 /Users/daebrionhopwood/Desktop/ipam-backend/ibackend/vendor/laravel/framework/src/Illuminate/Container/BoundMethod.php(31): Illuminate\Container\BoundMethod::callBoundMethod(Object(Illuminate\Foundation\Application), Array, Object(Closure))
#19 /Users/daebrionhopwood/Desktop/ipam-backend/ibackend/vendor/laravel/framework/src/Illuminate/Container/Container.php(539): Illuminate\Container\BoundMethod::call(Object(Illuminate\Foundation\Application), Array, Array, NULL)
#20 /Users/daebrionhopwood/Desktop/ipam-backend/ibackend/vendor/laravel/framework/src/Illuminate/Console/Command.php(182): Illuminate\Container\Container->call(Array)
#21 /Users/daebrionhopwood/Desktop/ipam-backend/ibackend/vendor/symfony/console/Command/Command.php(264): Illuminate\Console\Command->execute(Object(Symfony\Component\Console\Input\ArgvInput), Object(Illuminate\Console\OutputStyle))
#22 /Users/daebrionhopwood/Desktop/ipam-backend/ibackend/vendor/laravel/framework/src/Illuminate/Console/Command.php(168): Symfony\Component\Console\Command\Command->run(Object(Symfony\Component\Console\Input\ArgvInput), Object(Illuminate\Console\OutputStyle))
#23 /Users/daebrionhopwood/Desktop/ipam-backend/ibackend/vendor/symfony/console/Application.php(869): Illuminate\Console\Command->run(Object(Symfony\Component\Console\Input\ArgvInput), Object(Symfony\Component\Console\Output\ConsoleOutput))
#24 /Users/daebrionhopwood/Desktop/ipam-backend/ibackend/vendor/symfony/console/Application.php(223): Symfony\Component\Console\Application->doRunCommand(Object(Illuminate\Database\Console\Migrations\MigrateCommand), Object(Symfony\Component\Console\Input\ArgvInput), Object(Symfony\Component\Console\Output\ConsoleOutput))
#25 /Users/daebrionhopwood/Desktop/ipam-backend/ibackend/vendor/symfony/console/Application.php(130): Symfony\Component\Console\Application->doRun(Object(Symfony\Component\Console\Input\ArgvInput), Object(Symfony\Component\Console\Output\ConsoleOutput))
#26 /Users/daebrionhopwood/Desktop/ipam-backend/ibackend/vendor/laravel/framework/src/Illuminate/Foundation/Console/Kernel.php(122): Symfony\Component\Console\Application->run(Object(Symfony\Component\Console\Input\ArgvInput), Object(Symfony\Component\Console\Output\ConsoleOutput))
#27 /Users/daebrionhopwood/Desktop/ipam-backend/ibackend/artisan(36): Illuminate\Foundation\Console\Kernel->handle(Object(Symfony\Component\Console\Input\ArgvInput), Object(Symfony\Component\Console\Output\ConsoleOutput))
#28 {main}  
[2017-07-17 19:47:59] local.ERROR: exception 'PDOException' with message 'SQLSTATE[42P01]: Undefined table: 7 ERROR:  relation "sites" does not exist' in /Users/daebrionhopwood/Desktop/ipam-backend/ibackend/vendor/laravel/framework/src/Illuminate/Database/Connection.php:449
Stack trace:
#0 /Users/daebrionhopwood/Desktop/ipam-backend/ibackend/vendor/laravel/framework/src/Illuminate/Database/Connection.php(449): PDOStatement->execute()
#1 /Users/daebrionhopwood/Desktop/ipam-backend/ibackend/vendor/laravel/framework/src/Illuminate/Database/Connection.php(640): Illuminate\Database\Connection->Illuminate\Database\{closure}('alter table "eq...', Array)
#2 /Users/daebrionhopwood/Desktop/ipam-backend/ibackend/vendor/laravel/framework/src/Illuminate/Database/Connection.php(607): Illuminate\Database\Connection->runQueryCallback('alter table "eq...', Array, Object(Closure))
#3 /Users/daebrionhopwood/Desktop/ipam-backend/ibackend/vendor/laravel/framework/src/Illuminate/Database/Connection.php(450): Illuminate\Database\Connection->run('alter table "eq...', Array, Object(Closure))
#4 /Users/daebrionhopwood/Desktop/ipam-backend/ibackend/vendor/laravel/framework/src/Illuminate/Database/Schema/Blueprint.php(83): Illuminate\Database\Connection->statement('alter table "eq...')
#5 /Users/daebrionhopwood/Desktop/ipam-backend/ibackend/vendor/laravel/framework/src/Illuminate/Database/Schema/Builder.php(239): Illuminate\Database\Schema\Blueprint->build(Object(Illuminate\Database\PostgresConnection), Object(Illuminate\Database\Schema\Grammars\PostgresGrammar))
#6 /Users/daebrionhopwood/Desktop/ipam-backend/ibackend/vendor/laravel/framework/src/Illuminate/Database/Schema/Builder.php(164): Illuminate\Database\Schema\Builder->build(Object(Illuminate\Database\Schema\Blueprint))
#7 /Users/daebrionhopwood/Desktop/ipam-backend/ibackend/vendor/laravel/framework/src/Illuminate/Support/Facades/Facade.php(221): Illuminate\Database\Schema\Builder->create('equipments', Object(Closure))
#8 /Users/daebrionhopwood/Desktop/ipam-backend/ibackend/database/migrations/2017_07_17_171004_create_equipments_table.php(41): Illuminate\Support\Facades\Facade::__callStatic('create', Array)
#9 /Users/daebrionhopwood/Desktop/ipam-backend/ibackend/database/migrations/2017_07_17_171004_create_equipments_table.php(41): Illuminate\Support\Facades\Schema::create('equipments', Object(Closure))
#10 /Users/daebrionhopwood/Desktop/ipam-backend/ibackend/vendor/laravel/framework/src/Illuminate/Database/Migrations/Migrator.php(353): CreateEquipmentsTable->up()
#11 /Users/daebrionhopwood/Desktop/ipam-backend/ibackend/vendor/laravel/framework/src/Illuminate/Database/Concerns/ManagesTransactions.php(29): Illuminate\Database\Migrations\Migrator->Illuminate\Database\Migrations\{closure}(Object(Illuminate\Database\PostgresConnection))
#12 /Users/daebrionhopwood/Desktop/ipam-backend/ibackend/vendor/laravel/framework/src/Illuminate/Database/Migrations/Migrator.php(358): Illuminate\Database\Connection->transaction(Object(Closure))
#13 /Users/daebrionhopwood/Desktop/ipam-backend/ibackend/vendor/laravel/framework/src/Illuminate/Database/Migrations/Migrator.php(177): Illuminate\Database\Migrations\Migrator->runMigration(Object(CreateEquipmentsTable), 'up')
#14 /Users/daebrionhopwood/Desktop/ipam-backend/ibackend/vendor/laravel/framework/src/Illuminate/Database/Migrations/Migrator.php(146): Illuminate\Database\Migrations\Migrator->runUp('/Users/daebrion...', 3, false)
#15 /Users/daebrionhopwood/Desktop/ipam-backend/ibackend/vendor/laravel/framework/src/Illuminate/Database/Migrations/Migrator.php(95): Illuminate\Database\Migrations\Migrator->runPending(Array, Array)
#16 /Users/daebrionhopwood/Desktop/ipam-backend/ibackend/vendor/laravel/framework/src/Illuminate/Database/Console/Migrations/MigrateCommand.php(70): Illuminate\Database\Migrations\Migrator->run(Array, Array)
#17 [internal function]: Illuminate\Database\Console\Migrations\MigrateCommand->fire()
#18 /Users/daebrionhopwood/Desktop/ipam-backend/ibackend/vendor/laravel/framework/src/Illuminate/Container/BoundMethod.php(30): call_user_func_array(Array, Array)
#19 /Users/daebrionhopwood/Desktop/ipam-backend/ibackend/vendor/laravel/framework/src/Illuminate/Container/BoundMethod.php(87): Illuminate\Container\BoundMethod::Illuminate\Container\{closure}()
#20 /Users/daebrionhopwood/Desktop/ipam-backend/ibackend/vendor/laravel/framework/src/Illuminate/Container/BoundMethod.php(31): Illuminate\Container\BoundMethod::callBoundMethod(Object(Illuminate\Foundation\Application), Array, Object(Closure))
#21 /Users/daebrionhopwood/Desktop/ipam-backend/ibackend/vendor/laravel/framework/src/Illuminate/Container/Container.php(539): Illuminate\Container\BoundMethod::call(Object(Illuminate\Foundation\Application), Array, Array, NULL)
#22 /Users/daebrionhopwood/Desktop/ipam-backend/ibackend/vendor/laravel/framework/src/Illuminate/Console/Command.php(182): Illuminate\Container\Container->call(Array)
#23 /Users/daebrionhopwood/Desktop/ipam-backend/ibackend/vendor/symfony/console/Command/Command.php(264): Illuminate\Console\Command->execute(Object(Symfony\Component\Console\Input\ArgvInput), Object(Illuminate\Console\OutputStyle))
#24 /Users/daebrionhopwood/Desktop/ipam-backend/ibackend/vendor/laravel/framework/src/Illuminate/Console/Command.php(168): Symfony\Component\Console\Command\Command->run(Object(Symfony\Component\Console\Input\ArgvInput), Object(Illuminate\Console\OutputStyle))
#25 /Users/daebrionhopwood/Desktop/ipam-backend/ibackend/vendor/symfony/console/Application.php(869): Illuminate\Console\Command->run(Object(Symfony\Component\Console\Input\ArgvInput), Object(Symfony\Component\Console\Output\ConsoleOutput))
#26 /Users/daebrionhopwood/Desktop/ipam-backend/ibackend/vendor/symfony/console/Application.php(223): Symfony\Component\Console\Application->doRunCommand(Object(Illuminate\Database\Console\Migrations\MigrateCommand), Object(Symfony\Component\Console\Input\ArgvInput), Object(Symfony\Component\Console\Output\ConsoleOutput))
#27 /Users/daebrionhopwood/Desktop/ipam-backend/ibackend/vendor/symfony/console/Application.php(130): Symfony\Component\Console\Application->doRun(Object(Symfony\Component\Console\Input\ArgvInput), Object(Symfony\Component\Console\Output\ConsoleOutput))
#28 /Users/daebrionhopwood/Desktop/ipam-backend/ibackend/vendor/laravel/framework/src/Illuminate/Foundation/Console/Kernel.php(122): Symfony\Component\Console\Application->run(Object(Symfony\Component\Console\Input\ArgvInput), Object(Symfony\Component\Console\Output\ConsoleOutput))
#29 /Users/daebrionhopwood/Desktop/ipam-backend/ibackend/artisan(36): Illuminate\Foundation\Console\Kernel->handle(Object(Symfony\Component\Console\Input\ArgvInput), Object(Symfony\Component\Console\Output\ConsoleOutput))
#30 {main}

Next exception 'Illuminate\Database\QueryException' with message 'SQLSTATE[42P01]: Undefined table: 7 ERROR:  relation "sites" does not exist (SQL: alter table "equipments" add constraint "equipments_site_id_foreign" foreign key ("site_id") references "sites" ("id"))' in /Users/daebrionhopwood/Desktop/ipam-backend/ibackend/vendor/laravel/framework/src/Illuminate/Database/Connection.php:647
Stack trace:
#0 /Users/daebrionhopwood/Desktop/ipam-backend/ibackend/vendor/laravel/framework/src/Illuminate/Database/Connection.php(607): Illuminate\Database\Connection->runQueryCallback('alter table "eq...', Array, Object(Closure))
#1 /Users/daebrionhopwood/Desktop/ipam-backend/ibackend/vendor/laravel/framework/src/Illuminate/Database/Connection.php(450): Illuminate\Database\Connection->run('alter table "eq...', Array, Object(Closure))
#2 /Users/daebrionhopwood/Desktop/ipam-backend/ibackend/vendor/laravel/framework/src/Illuminate/Database/Schema/Blueprint.php(83): Illuminate\Database\Connection->statement('alter table "eq...')
#3 /Users/daebrionhopwood/Desktop/ipam-backend/ibackend/vendor/laravel/framework/src/Illuminate/Database/Schema/Builder.php(239): Illuminate\Database\Schema\Blueprint->build(Object(Illuminate\Database\PostgresConnection), Object(Illuminate\Database\Schema\Grammars\PostgresGrammar))
#4 /Users/daebrionhopwood/Desktop/ipam-backend/ibackend/vendor/laravel/framework/src/Illuminate/Database/Schema/Builder.php(164): Illuminate\Database\Schema\Builder->build(Object(Illuminate\Database\Schema\Blueprint))
#5 /Users/daebrionhopwood/Desktop/ipam-backend/ibackend/vendor/laravel/framework/src/Illuminate/Support/Facades/Facade.php(221): Illuminate\Database\Schema\Builder->create('equipments', Object(Closure))
#6 /Users/daebrionhopwood/Desktop/ipam-backend/ibackend/database/migrations/2017_07_17_171004_create_equipments_table.php(41): Illuminate\Support\Facades\Facade::__callStatic('create', Array)
#7 /Users/daebrionhopwood/Desktop/ipam-backend/ibackend/database/migrations/2017_07_17_171004_create_equipments_table.php(41): Illuminate\Support\Facades\Schema::create('equipments', Object(Closure))
#8 /Users/daebrionhopwood/Desktop/ipam-backend/ibackend/vendor/laravel/framework/src/Illuminate/Database/Migrations/Migrator.php(353): CreateEquipmentsTable->up()
#9 /Users/daebrionhopwood/Desktop/ipam-backend/ibackend/vendor/laravel/framework/src/Illuminate/Database/Concerns/ManagesTransactions.php(29): Illuminate\Database\Migrations\Migrator->Illuminate\Database\Migrations\{closure}(Object(Illuminate\Database\PostgresConnection))
#10 /Users/daebrionhopwood/Desktop/ipam-backend/ibackend/vendor/laravel/framework/src/Illuminate/Database/Migrations/Migrator.php(358): Illuminate\Database\Connection->transaction(Object(Closure))
#11 /Users/daebrionhopwood/Desktop/ipam-backend/ibackend/vendor/laravel/framework/src/Illuminate/Database/Migrations/Migrator.php(177): Illuminate\Database\Migrations\Migrator->runMigration(Object(CreateEquipmentsTable), 'up')
#12 /Users/daebrionhopwood/Desktop/ipam-backend/ibackend/vendor/laravel/framework/src/Illuminate/Database/Migrations/Migrator.php(146): Illuminate\Database\Migrations\Migrator->runUp('/Users/daebrion...', 3, false)
#13 /Users/daebrionhopwood/Desktop/ipam-backend/ibackend/vendor/laravel/framework/src/Illuminate/Database/Migrations/Migrator.php(95): Illuminate\Database\Migrations\Migrator->runPending(Array, Array)
#14 /Users/daebrionhopwood/Desktop/ipam-backend/ibackend/vendor/laravel/framework/src/Illuminate/Database/Console/Migrations/MigrateCommand.php(70): Illuminate\Database\Migrations\Migrator->run(Array, Array)
#15 [internal function]: Illuminate\Database\Console\Migrations\MigrateCommand->fire()
#16 /Users/daebrionhopwood/Desktop/ipam-backend/ibackend/vendor/laravel/framework/src/Illuminate/Container/BoundMethod.php(30): call_user_func_array(Array, Array)
#17 /Users/daebrionhopwood/Desktop/ipam-backend/ibackend/vendor/laravel/framework/src/Illuminate/Container/BoundMethod.php(87): Illuminate\Container\BoundMethod::Illuminate\Container\{closure}()
#18 /Users/daebrionhopwood/Desktop/ipam-backend/ibackend/vendor/laravel/framework/src/Illuminate/Container/BoundMethod.php(31): Illuminate\Container\BoundMethod::callBoundMethod(Object(Illuminate\Foundation\Application), Array, Object(Closure))
#19 /Users/daebrionhopwood/Desktop/ipam-backend/ibackend/vendor/laravel/framework/src/Illuminate/Container/Container.php(539): Illuminate\Container\BoundMethod::call(Object(Illuminate\Foundation\Application), Array, Array, NULL)
#20 /Users/daebrionhopwood/Desktop/ipam-backend/ibackend/vendor/laravel/framework/src/Illuminate/Console/Command.php(182): Illuminate\Container\Container->call(Array)
#21 /Users/daebrionhopwood/Desktop/ipam-backend/ibackend/vendor/symfony/console/Command/Command.php(264): Illuminate\Console\Command->execute(Object(Symfony\Component\Console\Input\ArgvInput), Object(Illuminate\Console\OutputStyle))
#22 /Users/daebrionhopwood/Desktop/ipam-backend/ibackend/vendor/laravel/framework/src/Illuminate/Console/Command.php(168): Symfony\Component\Console\Command\Command->run(Object(Symfony\Component\Console\Input\ArgvInput), Object(Illuminate\Console\OutputStyle))
#23 /Users/daebrionhopwood/Desktop/ipam-backend/ibackend/vendor/symfony/console/Application.php(869): Illuminate\Console\Command->run(Object(Symfony\Component\Console\Input\ArgvInput), Object(Symfony\Component\Console\Output\ConsoleOutput))
#24 /Users/daebrionhopwood/Desktop/ipam-backend/ibackend/vendor/symfony/console/Application.php(223): Symfony\Component\Console\Application->doRunCommand(Object(Illuminate\Database\Console\Migrations\MigrateCommand), Object(Symfony\Component\Console\Input\ArgvInput), Object(Symfony\Component\Console\Output\ConsoleOutput))
#25 /Users/daebrionhopwood/Desktop/ipam-backend/ibackend/vendor/symfony/console/Application.php(130): Symfony\Component\Console\Application->doRun(Object(Symfony\Component\Console\Input\ArgvInput), Object(Symfony\Component\Console\Output\ConsoleOutput))
#26 /Users/daebrionhopwood/Desktop/ipam-backend/ibackend/vendor/laravel/framework/src/Illuminate/Foundation/Console/Kernel.php(122): Symfony\Component\Console\Application->run(Object(Symfony\Component\Console\Input\ArgvInput), Object(Symfony\Component\Console\Output\ConsoleOutput))
#27 /Users/daebrionhopwood/Desktop/ipam-backend/ibackend/artisan(36): Illuminate\Foundation\Console\Kernel->handle(Object(Symfony\Component\Console\Input\ArgvInput), Object(Symfony\Component\Console\Output\ConsoleOutput))
#28 {main}  
[2017-07-17 19:48:25] local.ERROR: exception 'PDOException' with message 'SQLSTATE[42601]: Syntax error: 7 ERROR:  syntax error at or near ")"
LINE 1: ...te_id_foreign" foreign key ("site_id") references "sites" ()
                                                                      ^' in /Users/daebrionhopwood/Desktop/ipam-backend/ibackend/vendor/laravel/framework/src/Illuminate/Database/Connection.php:449
Stack trace:
#0 /Users/daebrionhopwood/Desktop/ipam-backend/ibackend/vendor/laravel/framework/src/Illuminate/Database/Connection.php(449): PDOStatement->execute()
#1 /Users/daebrionhopwood/Desktop/ipam-backend/ibackend/vendor/laravel/framework/src/Illuminate/Database/Connection.php(640): Illuminate\Database\Connection->Illuminate\Database\{closure}('alter table "su...', Array)
#2 /Users/daebrionhopwood/Desktop/ipam-backend/ibackend/vendor/laravel/framework/src/Illuminate/Database/Connection.php(607): Illuminate\Database\Connection->runQueryCallback('alter table "su...', Array, Object(Closure))
#3 /Users/daebrionhopwood/Desktop/ipam-backend/ibackend/vendor/laravel/framework/src/Illuminate/Database/Connection.php(450): Illuminate\Database\Connection->run('alter table "su...', Array, Object(Closure))
#4 /Users/daebrionhopwood/Desktop/ipam-backend/ibackend/vendor/laravel/framework/src/Illuminate/Database/Schema/Blueprint.php(83): Illuminate\Database\Connection->statement('alter table "su...')
#5 /Users/daebrionhopwood/Desktop/ipam-backend/ibackend/vendor/laravel/framework/src/Illuminate/Database/Schema/Builder.php(239): Illuminate\Database\Schema\Blueprint->build(Object(Illuminate\Database\PostgresConnection), Object(Illuminate\Database\Schema\Grammars\PostgresGrammar))
#6 /Users/daebrionhopwood/Desktop/ipam-backend/ibackend/vendor/laravel/framework/src/Illuminate/Database/Schema/Builder.php(164): Illuminate\Database\Schema\Builder->build(Object(Illuminate\Database\Schema\Blueprint))
#7 /Users/daebrionhopwood/Desktop/ipam-backend/ibackend/vendor/laravel/framework/src/Illuminate/Support/Facades/Facade.php(221): Illuminate\Database\Schema\Builder->create('subnets', Object(Closure))
#8 /Users/daebrionhopwood/Desktop/ipam-backend/ibackend/database/migrations/2017_07_17_171056_create_subnets_table.php(28): Illuminate\Support\Facades\Facade::__callStatic('create', Array)
#9 /Users/daebrionhopwood/Desktop/ipam-backend/ibackend/database/migrations/2017_07_17_171056_create_subnets_table.php(28): Illuminate\Support\Facades\Schema::create('subnets', Object(Closure))
#10 /Users/daebrionhopwood/Desktop/ipam-backend/ibackend/vendor/laravel/framework/src/Illuminate/Database/Migrations/Migrator.php(353): CreateSubnetsTable->up()
#11 /Users/daebrionhopwood/Desktop/ipam-backend/ibackend/vendor/laravel/framework/src/Illuminate/Database/Concerns/ManagesTransactions.php(29): Illuminate\Database\Migrations\Migrator->Illuminate\Database\Migrations\{closure}(Object(Illuminate\Database\PostgresConnection))
#12 /Users/daebrionhopwood/Desktop/ipam-backend/ibackend/vendor/laravel/framework/src/Illuminate/Database/Migrations/Migrator.php(358): Illuminate\Database\Connection->transaction(Object(Closure))
#13 /Users/daebrionhopwood/Desktop/ipam-backend/ibackend/vendor/laravel/framework/src/Illuminate/Database/Migrations/Migrator.php(177): Illuminate\Database\Migrations\Migrator->runMigration(Object(CreateSubnetsTable), 'up')
#14 /Users/daebrionhopwood/Desktop/ipam-backend/ibackend/vendor/laravel/framework/src/Illuminate/Database/Migrations/Migrator.php(146): Illuminate\Database\Migrations\Migrator->runUp('/Users/daebrion...', 4, false)
#15 /Users/daebrionhopwood/Desktop/ipam-backend/ibackend/vendor/laravel/framework/src/Illuminate/Database/Migrations/Migrator.php(95): Illuminate\Database\Migrations\Migrator->runPending(Array, Array)
#16 /Users/daebrionhopwood/Desktop/ipam-backend/ibackend/vendor/laravel/framework/src/Illuminate/Database/Console/Migrations/MigrateCommand.php(70): Illuminate\Database\Migrations\Migrator->run(Array, Array)
#17 [internal function]: Illuminate\Database\Console\Migrations\MigrateCommand->fire()
#18 /Users/daebrionhopwood/Desktop/ipam-backend/ibackend/vendor/laravel/framework/src/Illuminate/Container/BoundMethod.php(30): call_user_func_array(Array, Array)
#19 /Users/daebrionhopwood/Desktop/ipam-backend/ibackend/vendor/laravel/framework/src/Illuminate/Container/BoundMethod.php(87): Illuminate\Container\BoundMethod::Illuminate\Container\{closure}()
#20 /Users/daebrionhopwood/Desktop/ipam-backend/ibackend/vendor/laravel/framework/src/Illuminate/Container/BoundMethod.php(31): Illuminate\Container\BoundMethod::callBoundMethod(Object(Illuminate\Foundation\Application), Array, Object(Closure))
#21 /Users/daebrionhopwood/Desktop/ipam-backend/ibackend/vendor/laravel/framework/src/Illuminate/Container/Container.php(539): Illuminate\Container\BoundMethod::call(Object(Illuminate\Foundation\Application), Array, Array, NULL)
#22 /Users/daebrionhopwood/Desktop/ipam-backend/ibackend/vendor/laravel/framework/src/Illuminate/Console/Command.php(182): Illuminate\Container\Container->call(Array)
#23 /Users/daebrionhopwood/Desktop/ipam-backend/ibackend/vendor/symfony/console/Command/Command.php(264): Illuminate\Console\Command->execute(Object(Symfony\Component\Console\Input\ArgvInput), Object(Illuminate\Console\OutputStyle))
#24 /Users/daebrionhopwood/Desktop/ipam-backend/ibackend/vendor/laravel/framework/src/Illuminate/Console/Command.php(168): Symfony\Component\Console\Command\Command->run(Object(Symfony\Component\Console\Input\ArgvInput), Object(Illuminate\Console\OutputStyle))
#25 /Users/daebrionhopwood/Desktop/ipam-backend/ibackend/vendor/symfony/console/Application.php(869): Illuminate\Console\Command->run(Object(Symfony\Component\Console\Input\ArgvInput), Object(Symfony\Component\Console\Output\ConsoleOutput))
#26 /Users/daebrionhopwood/Desktop/ipam-backend/ibackend/vendor/symfony/console/Application.php(223): Symfony\Component\Console\Application->doRunCommand(Object(Illuminate\Database\Console\Migrations\MigrateCommand), Object(Symfony\Component\Console\Input\ArgvInput), Object(Symfony\Component\Console\Output\ConsoleOutput))
#27 /Users/daebrionhopwood/Desktop/ipam-backend/ibackend/vendor/symfony/console/Application.php(130): Symfony\Component\Console\Application->doRun(Object(Symfony\Component\Console\Input\ArgvInput), Object(Symfony\Component\Console\Output\ConsoleOutput))
#28 /Users/daebrionhopwood/Desktop/ipam-backend/ibackend/vendor/laravel/framework/src/Illuminate/Foundation/Console/Kernel.php(122): Symfony\Component\Console\Application->run(Object(Symfony\Component\Console\Input\ArgvInput), Object(Symfony\Component\Console\Output\ConsoleOutput))
#29 /Users/daebrionhopwood/Desktop/ipam-backend/ibackend/artisan(36): Illuminate\Foundation\Console\Kernel->handle(Object(Symfony\Component\Console\Input\ArgvInput), Object(Symfony\Component\Console\Output\ConsoleOutput))
#30 {main}

Next exception 'Illuminate\Database\QueryException' with message 'SQLSTATE[42601]: Syntax error: 7 ERROR:  syntax error at or near ")"
LINE 1: ...te_id_foreign" foreign key ("site_id") references "sites" ()
                                                                      ^ (SQL: alter table "subnets" add constraint "subnets_site_id_foreign" foreign key ("site_id") references "sites" ())' in /Users/daebrionhopwood/Desktop/ipam-backend/ibackend/vendor/laravel/framework/src/Illuminate/Database/Connection.php:647
Stack trace:
#0 /Users/daebrionhopwood/Desktop/ipam-backend/ibackend/vendor/laravel/framework/src/Illuminate/Database/Connection.php(607): Illuminate\Database\Connection->runQueryCallback('alter table "su...', Array, Object(Closure))
#1 /Users/daebrionhopwood/Desktop/ipam-backend/ibackend/vendor/laravel/framework/src/Illuminate/Database/Connection.php(450): Illuminate\Database\Connection->run('alter table "su...', Array, Object(Closure))
#2 /Users/daebrionhopwood/Desktop/ipam-backend/ibackend/vendor/laravel/framework/src/Illuminate/Database/Schema/Blueprint.php(83): Illuminate\Database\Connection->statement('alter table "su...')
#3 /Users/daebrionhopwood/Desktop/ipam-backend/ibackend/vendor/laravel/framework/src/Illuminate/Database/Schema/Builder.php(239): Illuminate\Database\Schema\Blueprint->build(Object(Illuminate\Database\PostgresConnection), Object(Illuminate\Database\Schema\Grammars\PostgresGrammar))
#4 /Users/daebrionhopwood/Desktop/ipam-backend/ibackend/vendor/laravel/framework/src/Illuminate/Database/Schema/Builder.php(164): Illuminate\Database\Schema\Builder->build(Object(Illuminate\Database\Schema\Blueprint))
#5 /Users/daebrionhopwood/Desktop/ipam-backend/ibackend/vendor/laravel/framework/src/Illuminate/Support/Facades/Facade.php(221): Illuminate\Database\Schema\Builder->create('subnets', Object(Closure))
#6 /Users/daebrionhopwood/Desktop/ipam-backend/ibackend/database/migrations/2017_07_17_171056_create_subnets_table.php(28): Illuminate\Support\Facades\Facade::__callStatic('create', Array)
#7 /Users/daebrionhopwood/Desktop/ipam-backend/ibackend/database/migrations/2017_07_17_171056_create_subnets_table.php(28): Illuminate\Support\Facades\Schema::create('subnets', Object(Closure))
#8 /Users/daebrionhopwood/Desktop/ipam-backend/ibackend/vendor/laravel/framework/src/Illuminate/Database/Migrations/Migrator.php(353): CreateSubnetsTable->up()
#9 /Users/daebrionhopwood/Desktop/ipam-backend/ibackend/vendor/laravel/framework/src/Illuminate/Database/Concerns/ManagesTransactions.php(29): Illuminate\Database\Migrations\Migrator->Illuminate\Database\Migrations\{closure}(Object(Illuminate\Database\PostgresConnection))
#10 /Users/daebrionhopwood/Desktop/ipam-backend/ibackend/vendor/laravel/framework/src/Illuminate/Database/Migrations/Migrator.php(358): Illuminate\Database\Connection->transaction(Object(Closure))
#11 /Users/daebrionhopwood/Desktop/ipam-backend/ibackend/vendor/laravel/framework/src/Illuminate/Database/Migrations/Migrator.php(177): Illuminate\Database\Migrations\Migrator->runMigration(Object(CreateSubnetsTable), 'up')
#12 /Users/daebrionhopwood/Desktop/ipam-backend/ibackend/vendor/laravel/framework/src/Illuminate/Database/Migrations/Migrator.php(146): Illuminate\Database\Migrations\Migrator->runUp('/Users/daebrion...', 4, false)
#13 /Users/daebrionhopwood/Desktop/ipam-backend/ibackend/vendor/laravel/framework/src/Illuminate/Database/Migrations/Migrator.php(95): Illuminate\Database\Migrations\Migrator->runPending(Array, Array)
#14 /Users/daebrionhopwood/Desktop/ipam-backend/ibackend/vendor/laravel/framework/src/Illuminate/Database/Console/Migrations/MigrateCommand.php(70): Illuminate\Database\Migrations\Migrator->run(Array, Array)
#15 [internal function]: Illuminate\Database\Console\Migrations\MigrateCommand->fire()
#16 /Users/daebrionhopwood/Desktop/ipam-backend/ibackend/vendor/laravel/framework/src/Illuminate/Container/BoundMethod.php(30): call_user_func_array(Array, Array)
#17 /Users/daebrionhopwood/Desktop/ipam-backend/ibackend/vendor/laravel/framework/src/Illuminate/Container/BoundMethod.php(87): Illuminate\Container\BoundMethod::Illuminate\Container\{closure}()
#18 /Users/daebrionhopwood/Desktop/ipam-backend/ibackend/vendor/laravel/framework/src/Illuminate/Container/BoundMethod.php(31): Illuminate\Container\BoundMethod::callBoundMethod(Object(Illuminate\Foundation\Application), Array, Object(Closure))
#19 /Users/daebrionhopwood/Desktop/ipam-backend/ibackend/vendor/laravel/framework/src/Illuminate/Container/Container.php(539): Illuminate\Container\BoundMethod::call(Object(Illuminate\Foundation\Application), Array, Array, NULL)
#20 /Users/daebrionhopwood/Desktop/ipam-backend/ibackend/vendor/laravel/framework/src/Illuminate/Console/Command.php(182): Illuminate\Container\Container->call(Array)
#21 /Users/daebrionhopwood/Desktop/ipam-backend/ibackend/vendor/symfony/console/Command/Command.php(264): Illuminate\Console\Command->execute(Object(Symfony\Component\Console\Input\ArgvInput), Object(Illuminate\Console\OutputStyle))
#22 /Users/daebrionhopwood/Desktop/ipam-backend/ibackend/vendor/laravel/framework/src/Illuminate/Console/Command.php(168): Symfony\Component\Console\Command\Command->run(Object(Symfony\Component\Console\Input\ArgvInput), Object(Illuminate\Console\OutputStyle))
#23 /Users/daebrionhopwood/Desktop/ipam-backend/ibackend/vendor/symfony/console/Application.php(869): Illuminate\Console\Command->run(Object(Symfony\Component\Console\Input\ArgvInput), Object(Symfony\Component\Console\Output\ConsoleOutput))
#24 /Users/daebrionhopwood/Desktop/ipam-backend/ibackend/vendor/symfony/console/Application.php(223): Symfony\Component\Console\Application->doRunCommand(Object(Illuminate\Database\Console\Migrations\MigrateCommand), Object(Symfony\Component\Console\Input\ArgvInput), Object(Symfony\Component\Console\Output\ConsoleOutput))
#25 /Users/daebrionhopwood/Desktop/ipam-backend/ibackend/vendor/symfony/console/Application.php(130): Symfony\Component\Console\Application->doRun(Object(Symfony\Component\Console\Input\ArgvInput), Object(Symfony\Component\Console\Output\ConsoleOutput))
#26 /Users/daebrionhopwood/Desktop/ipam-backend/ibackend/vendor/laravel/framework/src/Illuminate/Foundation/Console/Kernel.php(122): Symfony\Component\Console\Application->run(Object(Symfony\Component\Console\Input\ArgvInput), Object(Symfony\Component\Console\Output\ConsoleOutput))
#27 /Users/daebrionhopwood/Desktop/ipam-backend/ibackend/artisan(36): Illuminate\Foundation\Console\Kernel->handle(Object(Symfony\Component\Console\Input\ArgvInput), Object(Symfony\Component\Console\Output\ConsoleOutput))
#28 {main}  
[2017-07-17 20:04:07] local.ERROR: exception 'PDOException' with message 'SQLSTATE[08006] [7] FATAL:  role "ipam_back" does not exist' in /Users/daebrionhopwood/Desktop/ipam-backend/ibackend/vendor/laravel/framework/src/Illuminate/Database/Connectors/Connector.php:68
Stack trace:
#0 /Users/daebrionhopwood/Desktop/ipam-backend/ibackend/vendor/laravel/framework/src/Illuminate/Database/Connectors/Connector.php(68): PDO->__construct('pgsql:host=127....', 'ipam_back', 'ipam_back', Array)
#1 /Users/daebrionhopwood/Desktop/ipam-backend/ibackend/vendor/laravel/framework/src/Illuminate/Database/Connectors/Connector.php(45): Illuminate\Database\Connectors\Connector->createPdoConnection('pgsql:host=127....', 'ipam_back', 'ipam_back', Array)
#2 /Users/daebrionhopwood/Desktop/ipam-backend/ibackend/vendor/laravel/framework/src/Illuminate/Database/Connectors/PostgresConnector.php(34): Illuminate\Database\Connectors\Connector->createConnection('pgsql:host=127....', Array, Array)
#3 /Users/daebrionhopwood/Desktop/ipam-backend/ibackend/vendor/laravel/framework/src/Illuminate/Database/Connectors/ConnectionFactory.php(183): Illuminate\Database\Connectors\PostgresConnector->connect(Array)
#4 [internal function]: Illuminate\Database\Connectors\ConnectionFactory->Illuminate\Database\Connectors\{closure}()
#5 /Users/daebrionhopwood/Desktop/ipam-backend/ibackend/vendor/laravel/framework/src/Illuminate/Database/Connection.php(883): call_user_func(Object(Closure))
#6 /Users/daebrionhopwood/Desktop/ipam-backend/ibackend/vendor/laravel/framework/src/Illuminate/Database/Connection.php(904): Illuminate\Database\Connection->getPdo()
#7 /Users/daebrionhopwood/Desktop/ipam-backend/ibackend/vendor/laravel/framework/src/Illuminate/Database/Connection.php(392): Illuminate\Database\Connection->getReadPdo()
#8 /Users/daebrionhopwood/Desktop/ipam-backend/ibackend/vendor/laravel/framework/src/Illuminate/Database/Connection.php(318): Illuminate\Database\Connection->getPdoForSelect(true)
#9 /Users/daebrionhopwood/Desktop/ipam-backend/ibackend/vendor/laravel/framework/src/Illuminate/Database/Connection.php(640): Illuminate\Database\Connection->Illuminate\Database\{closure}('select * from i...', Array)
#10 /Users/daebrionhopwood/Desktop/ipam-backend/ibackend/vendor/laravel/framework/src/Illuminate/Database/Connection.php(607): Illuminate\Database\Connection->runQueryCallback('select * from i...', Array, Object(Closure))
#11 /Users/daebrionhopwood/Desktop/ipam-backend/ibackend/vendor/laravel/framework/src/Illuminate/Database/Connection.php(326): Illuminate\Database\Connection->run('select * from i...', Array, Object(Closure))
#12 /Users/daebrionhopwood/Desktop/ipam-backend/ibackend/vendor/laravel/framework/src/Illuminate/Database/Schema/PostgresBuilder.php(25): Illuminate\Database\Connection->select('select * from i...', Array)
#13 /Users/daebrionhopwood/Desktop/ipam-backend/ibackend/vendor/laravel/framework/src/Illuminate/Database/Migrations/DatabaseMigrationRepository.php(154): Illuminate\Database\Schema\PostgresBuilder->hasTable('migrations')
#14 /Users/daebrionhopwood/Desktop/ipam-backend/ibackend/vendor/laravel/framework/src/Illuminate/Database/Migrations/Migrator.php(538): Illuminate\Database\Migrations\DatabaseMigrationRepository->repositoryExists()
#15 /Users/daebrionhopwood/Desktop/ipam-backend/ibackend/vendor/laravel/framework/src/Illuminate/Database/Console/Migrations/MigrateCommand.php(96): Illuminate\Database\Migrations\Migrator->repositoryExists()
#16 /Users/daebrionhopwood/Desktop/ipam-backend/ibackend/vendor/laravel/framework/src/Illuminate/Database/Console/Migrations/MigrateCommand.php(62): Illuminate\Database\Console\Migrations\MigrateCommand->prepareDatabase()
#17 [internal function]: Illuminate\Database\Console\Migrations\MigrateCommand->fire()
#18 /Users/daebrionhopwood/Desktop/ipam-backend/ibackend/vendor/laravel/framework/src/Illuminate/Container/BoundMethod.php(30): call_user_func_array(Array, Array)
#19 /Users/daebrionhopwood/Desktop/ipam-backend/ibackend/vendor/laravel/framework/src/Illuminate/Container/BoundMethod.php(87): Illuminate\Container\BoundMethod::Illuminate\Container\{closure}()
#20 /Users/daebrionhopwood/Desktop/ipam-backend/ibackend/vendor/laravel/framework/src/Illuminate/Container/BoundMethod.php(31): Illuminate\Container\BoundMethod::callBoundMethod(Object(Illuminate\Foundation\Application), Array, Object(Closure))
#21 /Users/daebrionhopwood/Desktop/ipam-backend/ibackend/vendor/laravel/framework/src/Illuminate/Container/Container.php(539): Illuminate\Container\BoundMethod::call(Object(Illuminate\Foundation\Application), Array, Array, NULL)
#22 /Users/daebrionhopwood/Desktop/ipam-backend/ibackend/vendor/laravel/framework/src/Illuminate/Console/Command.php(182): Illuminate\Container\Container->call(Array)
#23 /Users/daebrionhopwood/Desktop/ipam-backend/ibackend/vendor/symfony/console/Command/Command.php(264): Illuminate\Console\Command->execute(Object(Symfony\Component\Console\Input\ArgvInput), Object(Illuminate\Console\OutputStyle))
#24 /Users/daebrionhopwood/Desktop/ipam-backend/ibackend/vendor/laravel/framework/src/Illuminate/Console/Command.php(168): Symfony\Component\Console\Command\Command->run(Object(Symfony\Component\Console\Input\ArgvInput), Object(Illuminate\Console\OutputStyle))
#25 /Users/daebrionhopwood/Desktop/ipam-backend/ibackend/vendor/symfony/console/Application.php(869): Illuminate\Console\Command->run(Object(Symfony\Component\Console\Input\ArgvInput), Object(Symfony\Component\Console\Output\ConsoleOutput))
#26 /Users/daebrionhopwood/Desktop/ipam-backend/ibackend/vendor/symfony/console/Application.php(223): Symfony\Component\Console\Application->doRunCommand(Object(Illuminate\Database\Console\Migrations\MigrateCommand), Object(Symfony\Component\Console\Input\ArgvInput), Object(Symfony\Component\Console\Output\ConsoleOutput))
#27 /Users/daebrionhopwood/Desktop/ipam-backend/ibackend/vendor/symfony/console/Application.php(130): Symfony\Component\Console\Application->doRun(Object(Symfony\Component\Console\Input\ArgvInput), Object(Symfony\Component\Console\Output\ConsoleOutput))
#28 /Users/daebrionhopwood/Desktop/ipam-backend/ibackend/vendor/laravel/framework/src/Illuminate/Foundation/Console/Kernel.php(122): Symfony\Component\Console\Application->run(Object(Symfony\Component\Console\Input\ArgvInput), Object(Symfony\Component\Console\Output\ConsoleOutput))
#29 /Users/daebrionhopwood/Desktop/ipam-backend/ibackend/artisan(36): Illuminate\Foundation\Console\Kernel->handle(Object(Symfony\Component\Console\Input\ArgvInput), Object(Symfony\Component\Console\Output\ConsoleOutput))
#30 {main}  
[2017-07-17 20:04:07] local.ERROR: exception 'PDOException' with message 'SQLSTATE[08006] [7] FATAL:  role "ipam_back" does not exist' in /Users/daebrionhopwood/Desktop/ipam-backend/ibackend/vendor/laravel/framework/src/Illuminate/Database/Connectors/Connector.php:68
Stack trace:
#0 /Users/daebrionhopwood/Desktop/ipam-backend/ibackend/vendor/laravel/framework/src/Illuminate/Database/Connectors/Connector.php(68): PDO->__construct('pgsql:host=127....', 'ipam_back', 'ipam_back', Array)
#1 /Users/daebrionhopwood/Desktop/ipam-backend/ibackend/vendor/laravel/framework/src/Illuminate/Database/Connectors/Connector.php(45): Illuminate\Database\Connectors\Connector->createPdoConnection('pgsql:host=127....', 'ipam_back', 'ipam_back', Array)
#2 /Users/daebrionhopwood/Desktop/ipam-backend/ibackend/vendor/laravel/framework/src/Illuminate/Database/Connectors/PostgresConnector.php(34): Illuminate\Database\Connectors\Connector->createConnection('pgsql:host=127....', Array, Array)
#3 /Users/daebrionhopwood/Desktop/ipam-backend/ibackend/vendor/laravel/framework/src/Illuminate/Database/Connectors/ConnectionFactory.php(183): Illuminate\Database\Connectors\PostgresConnector->connect(Array)
#4 [internal function]: Illuminate\Database\Connectors\ConnectionFactory->Illuminate\Database\Connectors\{closure}()
#5 /Users/daebrionhopwood/Desktop/ipam-backend/ibackend/vendor/laravel/framework/src/Illuminate/Database/Connection.php(883): call_user_func(Object(Closure))
#6 /Users/daebrionhopwood/Desktop/ipam-backend/ibackend/vendor/laravel/framework/src/Illuminate/Database/Connection.php(904): Illuminate\Database\Connection->getPdo()
#7 /Users/daebrionhopwood/Desktop/ipam-backend/ibackend/vendor/laravel/framework/src/Illuminate/Database/Connection.php(392): Illuminate\Database\Connection->getReadPdo()
#8 /Users/daebrionhopwood/Desktop/ipam-backend/ibackend/vendor/laravel/framework/src/Illuminate/Database/Connection.php(318): Illuminate\Database\Connection->getPdoForSelect(true)
#9 /Users/daebrionhopwood/Desktop/ipam-backend/ibackend/vendor/laravel/framework/src/Illuminate/Database/Connection.php(640): Illuminate\Database\Connection->Illuminate\Database\{closure}('select * from i...', Array)
#10 /Users/daebrionhopwood/Desktop/ipam-backend/ibackend/vendor/laravel/framework/src/Illuminate/Database/Connection.php(607): Illuminate\Database\Connection->runQueryCallback('select * from i...', Array, Object(Closure))
#11 /Users/daebrionhopwood/Desktop/ipam-backend/ibackend/vendor/laravel/framework/src/Illuminate/Database/Connection.php(326): Illuminate\Database\Connection->run('select * from i...', Array, Object(Closure))
#12 /Users/daebrionhopwood/Desktop/ipam-backend/ibackend/vendor/laravel/framework/src/Illuminate/Database/Schema/PostgresBuilder.php(25): Illuminate\Database\Connection->select('select * from i...', Array)
#13 /Users/daebrionhopwood/Desktop/ipam-backend/ibackend/vendor/laravel/framework/src/Illuminate/Database/Migrations/DatabaseMigrationRepository.php(154): Illuminate\Database\Schema\PostgresBuilder->hasTable('migrations')
#14 /Users/daebrionhopwood/Desktop/ipam-backend/ibackend/vendor/laravel/framework/src/Illuminate/Database/Migrations/Migrator.php(538): Illuminate\Database\Migrations\DatabaseMigrationRepository->repositoryExists()
#15 /Users/daebrionhopwood/Desktop/ipam-backend/ibackend/vendor/laravel/framework/src/Illuminate/Database/Console/Migrations/MigrateCommand.php(96): Illuminate\Database\Migrations\Migrator->repositoryExists()
#16 /Users/daebrionhopwood/Desktop/ipam-backend/ibackend/vendor/laravel/framework/src/Illuminate/Database/Console/Migrations/MigrateCommand.php(62): Illuminate\Database\Console\Migrations\MigrateCommand->prepareDatabase()
#17 [internal function]: Illuminate\Database\Console\Migrations\MigrateCommand->fire()
#18 /Users/daebrionhopwood/Desktop/ipam-backend/ibackend/vendor/laravel/framework/src/Illuminate/Container/BoundMethod.php(30): call_user_func_array(Array, Array)
#19 /Users/daebrionhopwood/Desktop/ipam-backend/ibackend/vendor/laravel/framework/src/Illuminate/Container/BoundMethod.php(87): Illuminate\Container\BoundMethod::Illuminate\Container\{closure}()
#20 /Users/daebrionhopwood/Desktop/ipam-backend/ibackend/vendor/laravel/framework/src/Illuminate/Container/BoundMethod.php(31): Illuminate\Container\BoundMethod::callBoundMethod(Object(Illuminate\Foundation\Application), Array, Object(Closure))
#21 /Users/daebrionhopwood/Desktop/ipam-backend/ibackend/vendor/laravel/framework/src/Illuminate/Container/Container.php(539): Illuminate\Container\BoundMethod::call(Object(Illuminate\Foundation\Application), Array, Array, NULL)
#22 /Users/daebrionhopwood/Desktop/ipam-backend/ibackend/vendor/laravel/framework/src/Illuminate/Console/Command.php(182): Illuminate\Container\Container->call(Array)
#23 /Users/daebrionhopwood/Desktop/ipam-backend/ibackend/vendor/symfony/console/Command/Command.php(264): Illuminate\Console\Command->execute(Object(Symfony\Component\Console\Input\ArgvInput), Object(Illuminate\Console\OutputStyle))
#24 /Users/daebrionhopwood/Desktop/ipam-backend/ibackend/vendor/laravel/framework/src/Illuminate/Console/Command.php(168): Symfony\Component\Console\Command\Command->run(Object(Symfony\Component\Console\Input\ArgvInput), Object(Illuminate\Console\OutputStyle))
#25 /Users/daebrionhopwood/Desktop/ipam-backend/ibackend/vendor/symfony/console/Application.php(869): Illuminate\Console\Command->run(Object(Symfony\Component\Console\Input\ArgvInput), Object(Symfony\Component\Console\Output\ConsoleOutput))
#26 /Users/daebrionhopwood/Desktop/ipam-backend/ibackend/vendor/symfony/console/Application.php(223): Symfony\Component\Console\Application->doRunCommand(Object(Illuminate\Database\Console\Migrations\MigrateCommand), Object(Symfony\Component\Console\Input\ArgvInput), Object(Symfony\Component\Console\Output\ConsoleOutput))
#27 /Users/daebrionhopwood/Desktop/ipam-backend/ibackend/vendor/symfony/console/Application.php(130): Symfony\Component\Console\Application->doRun(Object(Symfony\Component\Console\Input\ArgvInput), Object(Symfony\Component\Console\Output\ConsoleOutput))
#28 /Users/daebrionhopwood/Desktop/ipam-backend/ibackend/vendor/laravel/framework/src/Illuminate/Foundation/Console/Kernel.php(122): Symfony\Component\Console\Application->run(Object(Symfony\Component\Console\Input\ArgvInput), Object(Symfony\Component\Console\Output\ConsoleOutput))
#29 /Users/daebrionhopwood/Desktop/ipam-backend/ibackend/artisan(36): Illuminate\Foundation\Console\Kernel->handle(Object(Symfony\Component\Console\Input\ArgvInput), Object(Symfony\Component\Console\Output\ConsoleOutput))
#30 {main}

Next exception 'Illuminate\Database\QueryException' with message 'SQLSTATE[08006] [7] FATAL:  role "ipam_back" does not exist (SQL: select * from information_schema.tables where table_schema = public and table_name = migrations)' in /Users/daebrionhopwood/Desktop/ipam-backend/ibackend/vendor/laravel/framework/src/Illuminate/Database/Connection.php:647
Stack trace:
#0 /Users/daebrionhopwood/Desktop/ipam-backend/ibackend/vendor/laravel/framework/src/Illuminate/Database/Connection.php(607): Illuminate\Database\Connection->runQueryCallback('select * from i...', Array, Object(Closure))
#1 /Users/daebrionhopwood/Desktop/ipam-backend/ibackend/vendor/laravel/framework/src/Illuminate/Database/Connection.php(326): Illuminate\Database\Connection->run('select * from i...', Array, Object(Closure))
#2 /Users/daebrionhopwood/Desktop/ipam-backend/ibackend/vendor/laravel/framework/src/Illuminate/Database/Schema/PostgresBuilder.php(25): Illuminate\Database\Connection->select('select * from i...', Array)
#3 /Users/daebrionhopwood/Desktop/ipam-backend/ibackend/vendor/laravel/framework/src/Illuminate/Database/Migrations/DatabaseMigrationRepository.php(154): Illuminate\Database\Schema\PostgresBuilder->hasTable('migrations')
#4 /Users/daebrionhopwood/Desktop/ipam-backend/ibackend/vendor/laravel/framework/src/Illuminate/Database/Migrations/Migrator.php(538): Illuminate\Database\Migrations\DatabaseMigrationRepository->repositoryExists()
#5 /Users/daebrionhopwood/Desktop/ipam-backend/ibackend/vendor/laravel/framework/src/Illuminate/Database/Console/Migrations/MigrateCommand.php(96): Illuminate\Database\Migrations\Migrator->repositoryExists()
#6 /Users/daebrionhopwood/Desktop/ipam-backend/ibackend/vendor/laravel/framework/src/Illuminate/Database/Console/Migrations/MigrateCommand.php(62): Illuminate\Database\Console\Migrations\MigrateCommand->prepareDatabase()
#7 [internal function]: Illuminate\Database\Console\Migrations\MigrateCommand->fire()
#8 /Users/daebrionhopwood/Desktop/ipam-backend/ibackend/vendor/laravel/framework/src/Illuminate/Container/BoundMethod.php(30): call_user_func_array(Array, Array)
#9 /Users/daebrionhopwood/Desktop/ipam-backend/ibackend/vendor/laravel/framework/src/Illuminate/Container/BoundMethod.php(87): Illuminate\Container\BoundMethod::Illuminate\Container\{closure}()
#10 /Users/daebrionhopwood/Desktop/ipam-backend/ibackend/vendor/laravel/framework/src/Illuminate/Container/BoundMethod.php(31): Illuminate\Container\BoundMethod::callBoundMethod(Object(Illuminate\Foundation\Application), Array, Object(Closure))
#11 /Users/daebrionhopwood/Desktop/ipam-backend/ibackend/vendor/laravel/framework/src/Illuminate/Container/Container.php(539): Illuminate\Container\BoundMethod::call(Object(Illuminate\Foundation\Application), Array, Array, NULL)
#12 /Users/daebrionhopwood/Desktop/ipam-backend/ibackend/vendor/laravel/framework/src/Illuminate/Console/Command.php(182): Illuminate\Container\Container->call(Array)
#13 /Users/daebrionhopwood/Desktop/ipam-backend/ibackend/vendor/symfony/console/Command/Command.php(264): Illuminate\Console\Command->execute(Object(Symfony\Component\Console\Input\ArgvInput), Object(Illuminate\Console\OutputStyle))
#14 /Users/daebrionhopwood/Desktop/ipam-backend/ibackend/vendor/laravel/framework/src/Illuminate/Console/Command.php(168): Symfony\Component\Console\Command\Command->run(Object(Symfony\Component\Console\Input\ArgvInput), Object(Illuminate\Console\OutputStyle))
#15 /Users/daebrionhopwood/Desktop/ipam-backend/ibackend/vendor/symfony/console/Application.php(869): Illuminate\Console\Command->run(Object(Symfony\Component\Console\Input\ArgvInput), Object(Symfony\Component\Console\Output\ConsoleOutput))
#16 /Users/daebrionhopwood/Desktop/ipam-backend/ibackend/vendor/symfony/console/Application.php(223): Symfony\Component\Console\Application->doRunCommand(Object(Illuminate\Database\Console\Migrations\MigrateCommand), Object(Symfony\Component\Console\Input\ArgvInput), Object(Symfony\Component\Console\Output\ConsoleOutput))
#17 /Users/daebrionhopwood/Desktop/ipam-backend/ibackend/vendor/symfony/console/Application.php(130): Symfony\Component\Console\Application->doRun(Object(Symfony\Component\Console\Input\ArgvInput), Object(Symfony\Component\Console\Output\ConsoleOutput))
#18 /Users/daebrionhopwood/Desktop/ipam-backend/ibackend/vendor/laravel/framework/src/Illuminate/Foundation/Console/Kernel.php(122): Symfony\Component\Console\Application->run(Object(Symfony\Component\Console\Input\ArgvInput), Object(Symfony\Component\Console\Output\ConsoleOutput))
#19 /Users/daebrionhopwood/Desktop/ipam-backend/ibackend/artisan(36): Illuminate\Foundation\Console\Kernel->handle(Object(Symfony\Component\Console\Input\ArgvInput), Object(Symfony\Component\Console\Output\ConsoleOutput))
#20 {main}  
[2017-07-17 20:04:54] local.ERROR: exception 'Symfony\Component\Debug\Exception\FatalErrorException' with message 'parse error' in /Users/daebrionhopwood/Desktop/ipam-backend/ibackend/database/migrations/2014_10_12_000000_create_users_table.php:21
Stack trace:
#0 {main}  
